I[02-23|17:54:41.199] Starting multiAppConn                        module=proxy impl=multiAppConn
I[02-23|17:54:41.199] Starting socketClient                        module=abci-client connection=query impl=socketClient
E[02-23|17:54:44.260] abci.socketClient failed to connect to tcp://172.57.101.100:46658.  Retrying... module=abci-client connection=query
I[02-23|17:54:47.261] Starting socketClient                        module=abci-client connection=mempool impl=socketClient
I[02-23|17:54:47.261] Starting socketClient                        module=abci-client connection=consensus impl=socketClient
I[02-23|17:54:47.263] ABCI Handshake                               module=consensus appHeight=0 appHash=
I[02-23|17:54:47.263] ABCI Replay Blocks                           module=consensus appHeight=0 storeHeight=0 stateHeight=0
I[02-23|17:54:47.264] Completed ABCI Handshake - Tendermint and App are synced module=consensus appHeight=0 appHash=
I[02-23|17:54:47.374] Starting EventSwitch                         module=types impl=EventSwitch
I[02-23|17:54:47.374] This node is a validator                     module=consensus 
I[02-23|17:54:47.376] Starting Node                                module=main impl=Node
I[02-23|17:54:47.376] Starting RPC HTTP server on tcp socket 0.0.0.0:46657 module=rpc-server 
I[02-23|17:54:47.376] Local listener                               module=p2p ip=:: port=46656
I[02-23|17:54:47.376] Getting UPNP external address                module=p2p 
I[02-23|17:54:47.742] HTTPRestRPC                                  module=rpc-server method=/status args=[] returns="[<*core_types.ResultStatus Value> <error Value>]"
I[02-23|17:54:47.742] Served RPC HTTP response                     module=rpc-server method=POST url=/status status=200 duration=0 remoteAddr=172.57.101.100:40896
I[02-23|17:54:50.377] Could not perform UPNP discover              module=p2p err="write udp4 0.0.0.0:33098->239.255.255.250:1900: i/o timeout"
I[02-23|17:54:50.377] Starting DefaultListener                     module=p2p impl=Listener(@172.57.100.100:46656)
I[02-23|17:54:50.378] Starting P2P Switch                          module=p2p impl="P2P Switch"
I[02-23|17:54:50.378] Starting ConsensusReactor                    module=consensus impl=ConsensusReactor
I[02-23|17:54:50.378] ConsensusReactor                             module=consensus fastSync=true
I[02-23|17:54:50.378] Starting MempoolReactor                      module=mempool impl=MempoolReactor
I[02-23|17:54:50.378] Starting BlockchainReactor                   module=blockchain impl=BlockchainReactor
I[02-23|17:54:50.378] Starting BlockPool                           module=blockchain impl=BlockPool
I[02-23|17:54:50.378] Started node                                 module=main nodeInfo="NodeInfo{pk: PubKeyEd25519{B80286D8427D221094BF20C700A8B91CC6FC8A39D33904959A2D27327462E0F0}, moniker: anonymous, network: chain-9sFObL [remote , listen 172.57.100.100:46656], version: 0.12.1-'c7f923c ([wire_version=0.7.1 p2p_version=0.5.0 consensus_version=v1/0.2.2 rpc_version=0.7.0/3 tx_index=on rpc_addr=tcp://0.0.0.0:46657])}"
I[02-23|17:54:50.886] Dialing peer                                 module=p2p address=172.57.100.101:46656
I[02-23|17:54:50.918] Peer handshake                               module=p2p peer=172.57.100.101:46656 peerNodeInfo="NodeInfo{pk: PubKeyEd25519{F563FCBEEA8195365AE08D39FBB03F9FC8F87EE91DFB25B79F691B14F49B37E6}, moniker: anonymous, network: chain-9sFObL [remote , listen 172.57.100.101:46656], version: 0.12.1-'c7f923c ([wire_version=0.7.1 p2p_version=0.5.0 consensus_version=v1/0.2.2 rpc_version=0.7.0/3 tx_index=on rpc_addr=tcp://0.0.0.0:46657])}"
I[02-23|17:54:50.918] Starting Peer                                module=p2p peer=172.57.100.101:46656 impl="Peer{MConn{172.57.100.101:46656} F563FCBEEA81 out}"
I[02-23|17:54:50.918] Added peer                                   module=p2p peer="Peer{MConn{172.57.100.101:46656} F563FCBEEA81 out}"
I[02-23|17:54:50.919] Dialed and added peer                        module=p2p address=172.57.100.101:46656 peer="Peer{MConn{172.57.100.101:46656} F563FCBEEA81 out}"
I[02-23|17:54:50.919] Connected to seed                            module=p2p peer="Peer{MConn{172.57.100.101:46656} F563FCBEEA81 out}"
I[02-23|17:54:51.300] Peer handshake                               module=p2p peer=172.57.100.101:44206 peerNodeInfo="NodeInfo{pk: PubKeyEd25519{F563FCBEEA8195365AE08D39FBB03F9FC8F87EE91DFB25B79F691B14F49B37E6}, moniker: anonymous, network: chain-9sFObL [remote , listen 172.57.100.101:46656], version: 0.12.1-'c7f923c ([wire_version=0.7.1 p2p_version=0.5.0 consensus_version=v1/0.2.2 rpc_version=0.7.0/3 tx_index=on rpc_addr=tcp://0.0.0.0:46657])}"
I[02-23|17:54:51.301] Ignoring inbound connection: error while adding peer module=p2p address=172.57.100.101:44206 err="Duplicate peer"
I[02-23|17:54:51.379] Time to switch to consensus reactor!         module=blockchain height=1
I[02-23|17:54:51.379] Stopping BlockPool                           module=blockchain impl=BlockPool
I[02-23|17:54:51.379] SwitchToConsensus                            module=consensus 
I[02-23|17:54:51.379] Ignoring updateToState()                     module=consensus newHeight=1 oldHeight=1
I[02-23|17:54:51.379] Starting ConsensusState                      module=consensus impl=ConsensusState
I[02-23|17:54:51.380] Starting WAL                                 module=consensus wal=/root/mytestnet/mach0/data/cs.wal/wal impl=WAL
I[02-23|17:54:51.420] Starting TimeoutTicker                       module=consensus impl=TimeoutTicker
I[02-23|17:54:51.420] Catchup by replaying consensus messages      module=consensus height=1
I[02-23|17:54:51.421] Replay: Done                                 module=consensus 
I[02-23|17:54:51.421] Timed out                                    module=consensus dur=-3.044916335s height=1 round=0 step=RoundStepNewHeight
I[02-23|17:54:51.443] Dialing peer                                 module=p2p address=172.57.100.102:46656
I[02-23|17:54:51.456] Peer handshake                               module=p2p peer=172.57.100.102:46656 peerNodeInfo="NodeInfo{pk: PubKeyEd25519{03DB2AC0D1A3574004A27F4AA24B278EE2CF132FABBBA5777D38C73F9559AD76}, moniker: anonymous, network: chain-9sFObL [remote , listen 172.57.100.102:46656], version: 0.12.1-ff97fe6a ([wire_version=0.7.1 p2p_version=0.5.0 consensus_version=v1/0.2.2 rpc_version=0.7.0/3 tx_index=on rpc_addr=tcp://0.0.0.0:46657])}"
I[02-23|17:54:51.456] Starting Peer                                module=p2p peer=172.57.100.102:46656 impl="Peer{MConn{172.57.100.102:46656} 03DB2AC0D1A3 out}"
I[02-23|17:54:51.456] Added peer                                   module=p2p peer="Peer{MConn{172.57.100.102:46656} 03DB2AC0D1A3 out}"
I[02-23|17:54:51.456] Dialed and added peer                        module=p2p address=172.57.100.102:46656 peer="Peer{MConn{172.57.100.102:46656} 03DB2AC0D1A3 out}"
I[02-23|17:54:51.456] Connected to seed                            module=p2p peer="Peer{MConn{172.57.100.102:46656} 03DB2AC0D1A3 out}"
I[02-23|17:54:51.462] enterNewRound(1/0). Current: 1/0/RoundStepNewHeight module=consensus 
I[02-23|17:54:51.462] enterPropose(1/0). Current: 1/0/RoundStepNewRound module=consensus 
I[02-23|17:54:51.462] enterPropose: Not our turn to propose        module=consensus proposer=4DC7C72DB6D715A890618313D423F6744FFDE7A8 privValidator="PrivValidator{5BB83C055C3B5D20CF2BCEB801617B1F3F461BA7 LH:0, LR:0, LS:0}"
I[02-23|17:54:52.826] Dialing peer                                 module=p2p address=172.57.100.103:46656
I[02-23|17:54:52.831] Peer handshake                               module=p2p peer=172.57.100.103:46656 peerNodeInfo="NodeInfo{pk: PubKeyEd25519{F4346728780CCA5A37C6E25644BDC505232E81C68F89C23869E9AA4A8A56F6FD}, moniker: anonymous, network: chain-9sFObL [remote , listen 172.57.100.103:46656], version: 0.12.1-ff97fe6a ([wire_version=0.7.1 p2p_version=0.5.0 consensus_version=v1/0.2.2 rpc_version=0.7.0/3 tx_index=on rpc_addr=tcp://0.0.0.0:46657])}"
I[02-23|17:54:52.831] Starting Peer                                module=p2p peer=172.57.100.103:46656 impl="Peer{MConn{172.57.100.103:46656} F4346728780C out}"
I[02-23|17:54:52.831] Added peer                                   module=p2p peer="Peer{MConn{172.57.100.103:46656} F4346728780C out}"
I[02-23|17:54:52.831] Dialed and added peer                        module=p2p address=172.57.100.103:46656 peer="Peer{MConn{172.57.100.103:46656} F4346728780C out}"
I[02-23|17:54:52.831] Connected to seed                            module=p2p peer="Peer{MConn{172.57.100.103:46656} F4346728780C out}"
I[02-23|17:54:53.242] Dialing peer                                 module=p2p address=172.57.100.100:46656
I[02-23|17:54:53.248] Peer handshake                               module=p2p peer=172.57.100.100:46656 peerNodeInfo="NodeInfo{pk: PubKeyEd25519{B80286D8427D221094BF20C700A8B91CC6FC8A39D33904959A2D27327462E0F0}, moniker: anonymous, network: chain-9sFObL [remote , listen 172.57.100.100:46656], version: 0.12.1-'c7f923c ([wire_version=0.7.1 p2p_version=0.5.0 consensus_version=v1/0.2.2 rpc_version=0.7.0/3 tx_index=on rpc_addr=tcp://0.0.0.0:46657])}"
E[02-23|17:54:53.248] Failed to add peer                           module=p2p address=172.57.100.100:46656 err="Ignoring connection from self"
E[02-23|17:54:53.249] Error dialing seed                           module=p2p err="Ignoring connection from self"
I[02-23|17:54:53.249] Peer handshake                               module=p2p peer=172.57.100.100:48594 peerNodeInfo="NodeInfo{pk: PubKeyEd25519{B80286D8427D221094BF20C700A8B91CC6FC8A39D33904959A2D27327462E0F0}, moniker: anonymous, network: chain-9sFObL [remote , listen 172.57.100.100:46656], version: 0.12.1-'c7f923c ([wire_version=0.7.1 p2p_version=0.5.0 consensus_version=v1/0.2.2 rpc_version=0.7.0/3 tx_index=on rpc_addr=tcp://0.0.0.0:46657])}"
I[02-23|17:54:53.250] Ignoring inbound connection: error while adding peer module=p2p address=172.57.100.100:48594 err="Ignoring connection from self"
I[02-23|17:54:53.328] Peer handshake                               module=p2p peer=172.57.100.103:54854 peerNodeInfo="NodeInfo{pk: PubKeyEd25519{F4346728780CCA5A37C6E25644BDC505232E81C68F89C23869E9AA4A8A56F6FD}, moniker: anonymous, network: chain-9sFObL [remote , listen 172.57.100.103:46656], version: 0.12.1-ff97fe6a ([wire_version=0.7.1 p2p_version=0.5.0 consensus_version=v1/0.2.2 rpc_version=0.7.0/3 tx_index=on rpc_addr=tcp://0.0.0.0:46657])}"
I[02-23|17:54:53.328] Ignoring inbound connection: error while adding peer module=p2p address=172.57.100.103:54854 err="Duplicate peer"
I[02-23|17:54:53.861] Peer handshake                               module=p2p peer=172.57.100.102:35630 peerNodeInfo="NodeInfo{pk: PubKeyEd25519{03DB2AC0D1A3574004A27F4AA24B278EE2CF132FABBBA5777D38C73F9559AD76}, moniker: anonymous, network: chain-9sFObL [remote , listen 172.57.100.102:46656], version: 0.12.1-ff97fe6a ([wire_version=0.7.1 p2p_version=0.5.0 consensus_version=v1/0.2.2 rpc_version=0.7.0/3 tx_index=on rpc_addr=tcp://0.0.0.0:46657])}"
I[02-23|17:54:53.861] Ignoring inbound connection: error while adding peer module=p2p address=172.57.100.102:35630 err="Duplicate peer"
I[02-23|17:54:54.462] Timed out                                    module=consensus dur=3s height=1 round=0 step=RoundStepPropose
I[02-23|17:54:54.517] enterPrevote(1/0). Current: 1/0/RoundStepPropose module=consensus 
I[02-23|17:54:54.517] enterPrevote: ProposalBlock is nil           module=consensus height=1 round=0
I[02-23|17:54:54.551] Signed and pushed vote                       module=consensus height=1 round=0 vote="Vote{1:5BB83C055C3B 1/00/1(Prevote) 000000000000 {/6BFCE9368FCA.../}}" err=null
I[02-23|17:54:54.626] Added to prevote                             module=consensus vote="Vote{1:5BB83C055C3B 1/00/1(Prevote) 000000000000 {/6BFCE9368FCA.../}}" prevotes="VoteSet{H:1 R:0 T:1 +2/3:<nil> BA{4:_X__} map[]}"
I[02-23|17:54:55.471] Added to prevote                             module=consensus vote="Vote{2:BC977FC69072 1/00/1(Prevote) 000000000000 {/8B4A1A1F0A6A.../}}" prevotes="VoteSet{H:1 R:0 T:1 +2/3:<nil> BA{4:_XX_} map[]}"
I[02-23|17:54:55.555] Added to prevote                             module=consensus vote="Vote{3:FB84A36F5EEE 1/00/1(Prevote) 000000000000 {/4051D68CDD62.../}}" prevotes="VoteSet{H:1 R:0 T:1 +2/3::0:000000000000 BA{4:_XXX} map[]}"
I[02-23|17:54:55.555] enterPrecommit(1/0). Current: 1/0/RoundStepPrevote module=consensus 
I[02-23|17:54:55.555] enterPrecommit: +2/3 prevoted for nil.       module=consensus 
I[02-23|17:54:55.638] Signed and pushed vote                       module=consensus height=1 round=0 vote="Vote{1:5BB83C055C3B 1/00/2(Precommit) 000000000000 {/4455A0C1E48B.../}}" err=null
I[02-23|17:54:55.872] Added to precommit                           module=consensus vote="Vote{1:5BB83C055C3B 1/00/2(Precommit) 000000000000 {/4455A0C1E48B.../}}" precommits="VoteSet{H:1 R:0 T:2 +2/3:<nil> BA{4:_X__} map[]}"
I[02-23|17:54:55.964] Added to precommit                           module=consensus vote="Vote{2:BC977FC69072 1/00/2(Precommit) 000000000000 {/E46D78BF54EE.../}}" precommits="VoteSet{H:1 R:0 T:2 +2/3:<nil> BA{4:_XX_} map[]}"
I[02-23|17:54:56.056] Added to precommit                           module=consensus vote="Vote{3:FB84A36F5EEE 1/00/2(Precommit) 000000000000 {/244DE0D153EE.../}}" precommits="VoteSet{H:1 R:0 T:2 +2/3::0:000000000000 BA{4:_XXX} map[]}"
I[02-23|17:54:56.056] enterNewRound(1/1). Current: 1/0/RoundStepPrecommit module=consensus 
I[02-23|17:54:56.056] enterPropose(1/1). Current: 1/1/RoundStepNewRound module=consensus 
I[02-23|17:54:56.056] enterPropose: Our turn to propose            module=consensus proposer=5BB83C055C3B5D20CF2BCEB801617B1F3F461BA7 privValidator="PrivValidator{5BB83C055C3B5D20CF2BCEB801617B1F3F461BA7 LH:1, LR:0, LS:3}"
I[02-23|17:54:56.138] Signed proposal                              module=consensus height=1 round=1 proposal="Proposal{1/1 1:BBE4F790A7D5 (0,:0:000000000000) {/2DC9B22A7638.../}}"
I[02-23|17:54:56.297] Added to precommit                           module=consensus vote="Vote{0:4DC7C72DB6D7 1/00/2(Precommit) 000000000000 {/D6B78024E110.../}}" precommits="VoteSet{H:1 R:0 T:2 +2/3::0:000000000000 BA{4:XXXX} map[]}"
I[02-23|17:54:56.556] Received complete proposal block             module=consensus height=1 hash=871325E1334E605D2184ABD0AEC11EF6E646EC0E
I[02-23|17:54:56.556] enterPrevote(1/1). Current: 1/1/RoundStepPropose module=consensus 
I[02-23|17:54:56.556] enterPrevote: ProposalBlock is valid         module=consensus height=1 round=1
I[02-23|17:54:56.631] Signed and pushed vote                       module=consensus height=1 round=1 vote="Vote{1:5BB83C055C3B 1/01/1(Prevote) 871325E1334E {/F2FEF924377B.../}}" err=null
I[02-23|17:54:56.821] Added to prevote                             module=consensus vote="Vote{1:5BB83C055C3B 1/01/1(Prevote) 871325E1334E {/F2FEF924377B.../}}" prevotes="VoteSet{H:1 R:1 T:1 +2/3:<nil> BA{4:_X__} map[]}"
I[02-23|17:54:57.489] Added to prevote                             module=consensus vote="Vote{3:FB84A36F5EEE 1/01/1(Prevote) 871325E1334E {/1A1B1F255B75.../}}" prevotes="VoteSet{H:1 R:1 T:1 +2/3:<nil> BA{4:_X_X} map[]}"
I[02-23|17:54:57.612] Added to prevote                             module=consensus vote="Vote{2:BC977FC69072 1/01/1(Prevote) 871325E1334E {/AEE6668C6E83.../}}" prevotes="VoteSet{H:1 R:1 T:1 +2/3:871325E1334E605D2184ABD0AEC11EF6E646EC0E:1:BBE4F790A7D5 BA{4:_XXX} map[]}"
I[02-23|17:54:57.612] enterPrecommit(1/1). Current: 1/1/RoundStepPrevote module=consensus 
I[02-23|17:54:57.612] enterPrecommit: +2/3 prevoted proposal block. Locking module=consensus hash=871325E1334E605D2184ABD0AEC11EF6E646EC0E
I[02-23|17:54:57.703] Signed and pushed vote                       module=consensus height=1 round=1 vote="Vote{1:5BB83C055C3B 1/01/2(Precommit) 871325E1334E {/C4D94CF6E92B.../}}" err=null
I[02-23|17:54:57.870] Added to prevote                             module=consensus vote="Vote{0:4DC7C72DB6D7 1/01/1(Prevote) 871325E1334E {/DBD6A09FEB7A.../}}" prevotes="VoteSet{H:1 R:1 T:1 +2/3:871325E1334E605D2184ABD0AEC11EF6E646EC0E:1:BBE4F790A7D5 BA{4:XXXX} map[]}"
I[02-23|17:54:57.954] Added to precommit                           module=consensus vote="Vote{1:5BB83C055C3B 1/01/2(Precommit) 871325E1334E {/C4D94CF6E92B.../}}" precommits="VoteSet{H:1 R:1 T:2 +2/3:<nil> BA{4:_X__} map[]}"
I[02-23|17:54:58.212] Added to precommit                           module=consensus vote="Vote{2:BC977FC69072 1/01/2(Precommit) 871325E1334E {/B2DEF5327AD4.../}}" precommits="VoteSet{H:1 R:1 T:2 +2/3:<nil> BA{4:_XX_} map[]}"
I[02-23|17:54:58.319] Added to precommit                           module=consensus vote="Vote{3:FB84A36F5EEE 1/01/2(Precommit) 871325E1334E {/043ABDCCADF6.../}}" precommits="VoteSet{H:1 R:1 T:2 +2/3:871325E1334E605D2184ABD0AEC11EF6E646EC0E:1:BBE4F790A7D5 BA{4:_XXX} map[]}"
I[02-23|17:54:58.319] enterCommit(1/1). Current: 1/1/RoundStepPrecommit module=consensus 
I[02-23|17:54:58.419] Finalizing commit of block with 0 txs        module=consensus height=1 hash=871325E1334E605D2184ABD0AEC11EF6E646EC0E root=
I[02-23|17:54:58.420] Block{
  Header{
    ChainID:        chain-9sFObL
    Height:         1
    Time:           2018-02-23 17:54:56.056 +0000 UTC
    NumTxs:         0
    LastBlockID:    :0:000000000000
    LastCommit:     
    Data:           
    Validators:     2FD20CFFA72ABA37E256E2ED72900C076E460FC9
    App:            
  }#871325E1334E605D2184ABD0AEC11EF6E646EC0E
  Data{
    
  }#
  Commit{
    BlockID:    :0:000000000000
    Precommits: 
  }#
}#871325E1334E605D2184ABD0AEC11EF6E646EC0E module=consensus 
I[02-23|17:54:58.781] Executed block                               module=state height=1 validTxs=0 invalidTxs=0
I[02-23|17:54:58.865] Committed state                              module=state height=1 txs=0 hash=64F97388872BD48559C32E933B8C3BFADBCE6F14B40416F8F9650C272C01A47F
I[02-23|17:54:58.866] Recheck txs                                  module=mempool numtxs=0 height=1
I[02-23|17:54:59.320] Added to lastPrecommits: VoteSet{H:1 R:1 T:2 +2/3:871325E1334E605D2184ABD0AEC11EF6E646EC0E:1:BBE4F790A7D5 BA{4:XXXX} map[]} module=consensus 
I[02-23|17:54:59.320] Timed out                                    module=consensus dur=175.404037ms height=2 round=0 step=RoundStepNewHeight
I[02-23|17:54:59.402] enterNewRound(2/0). Current: 2/0/RoundStepNewHeight module=consensus 
I[02-23|17:54:59.402] enterPropose(2/0). Current: 2/0/RoundStepNewRound module=consensus 
I[02-23|17:54:59.402] enterPropose: Our turn to propose            module=consensus proposer=5BB83C055C3B5D20CF2BCEB801617B1F3F461BA7 privValidator="PrivValidator{5BB83C055C3B5D20CF2BCEB801617B1F3F461BA7 LH:1, LR:1, LS:3}"
I[02-23|17:54:59.486] Signed proposal                              module=consensus height=2 round=0 proposal="Proposal{2/0 1:C6B8F36BF0FA (-1,:0:000000000000) {/28298164D9EB.../}}"
I[02-23|17:54:59.853] Received complete proposal block             module=consensus height=2 hash=0AD2CF0D5391CE4C49D1F6A455C395AF5237E746
I[02-23|17:54:59.853] enterPrevote(2/0). Current: 2/0/RoundStepPropose module=consensus 
I[02-23|17:54:59.857] enterPrevote: ProposalBlock is valid         module=consensus height=2 round=0
I[02-23|17:54:59.928] Signed and pushed vote                       module=consensus height=2 round=0 vote="Vote{1:5BB83C055C3B 2/00/1(Prevote) 0AD2CF0D5391 {/61814D74771E.../}}" err=null
I[02-23|17:55:00.104] Added to prevote                             module=consensus vote="Vote{1:5BB83C055C3B 2/00/1(Prevote) 0AD2CF0D5391 {/61814D74771E.../}}" prevotes="VoteSet{H:2 R:0 T:1 +2/3:<nil> BA{4:_X__} map[]}"
I[02-23|17:55:01.586] Added to prevote                             module=consensus vote="Vote{0:4DC7C72DB6D7 2/00/1(Prevote) 0AD2CF0D5391 {/2AF1DB871EBE.../}}" prevotes="VoteSet{H:2 R:0 T:1 +2/3:<nil> BA{4:XX__} map[]}"
I[02-23|17:55:01.678] Added to prevote                             module=consensus vote="Vote{3:FB84A36F5EEE 2/00/1(Prevote) 0AD2CF0D5391 {/0CEE3B24D9CE.../}}" prevotes="VoteSet{H:2 R:0 T:1 +2/3:0AD2CF0D5391CE4C49D1F6A455C395AF5237E746:1:C6B8F36BF0FA BA{4:XX_X} map[]}"
I[02-23|17:55:01.678] enterPrecommit(2/0). Current: 2/0/RoundStepPrevote module=consensus 
I[02-23|17:55:01.678] enterPrecommit: +2/3 prevoted proposal block. Locking module=consensus hash=0AD2CF0D5391CE4C49D1F6A455C395AF5237E746
I[02-23|17:55:01.769] Signed and pushed vote                       module=consensus height=2 round=0 vote="Vote{1:5BB83C055C3B 2/00/2(Precommit) 0AD2CF0D5391 {/EB74113125AC.../}}" err=null
I[02-23|17:55:01.979] Added to prevote                             module=consensus vote="Vote{2:BC977FC69072 2/00/1(Prevote) 0AD2CF0D5391 {/DA9C2D586AA5.../}}" prevotes="VoteSet{H:2 R:0 T:1 +2/3:0AD2CF0D5391CE4C49D1F6A455C395AF5237E746:1:C6B8F36BF0FA BA{4:XXXX} map[]}"
I[02-23|17:55:02.070] Added to precommit                           module=consensus vote="Vote{1:5BB83C055C3B 2/00/2(Precommit) 0AD2CF0D5391 {/EB74113125AC.../}}" precommits="VoteSet{H:2 R:0 T:2 +2/3:<nil> BA{4:_X__} map[]}"
I[02-23|17:55:02.403] Timed out                                    module=consensus dur=3s height=2 round=0 step=RoundStepPropose
I[02-23|17:55:02.403] Added to precommit                           module=consensus vote="Vote{0:4DC7C72DB6D7 2/00/2(Precommit) 0AD2CF0D5391 {/4A785A32A692.../}}" precommits="VoteSet{H:2 R:0 T:2 +2/3:<nil> BA{4:XX__} map[]}"
I[02-23|17:55:02.669] Added to precommit                           module=consensus vote="Vote{3:FB84A36F5EEE 2/00/2(Precommit) 0AD2CF0D5391 {/FDE158154A3B.../}}" precommits="VoteSet{H:2 R:0 T:2 +2/3:0AD2CF0D5391CE4C49D1F6A455C395AF5237E746:1:C6B8F36BF0FA BA{4:XX_X} map[]}"
I[02-23|17:55:02.669] enterCommit(2/0). Current: 2/0/RoundStepPrecommit module=consensus 
I[02-23|17:55:02.764] Finalizing commit of block with 0 txs        module=consensus height=2 hash=0AD2CF0D5391CE4C49D1F6A455C395AF5237E746 root=64F97388872BD48559C32E933B8C3BFADBCE6F14B40416F8F9650C272C01A47F
I[02-23|17:55:02.764] Block{
  Header{
    ChainID:        chain-9sFObL
    Height:         2
    Time:           2018-02-23 17:54:59.403 +0000 UTC
    NumTxs:         0
    LastBlockID:    871325E1334E605D2184ABD0AEC11EF6E646EC0E:1:BBE4F790A7D5
    LastCommit:     634287A998DA3833C5648C2A2F94B2F455AA4C88
    Data:           
    Validators:     2FD20CFFA72ABA37E256E2ED72900C076E460FC9
    App:            64F97388872BD48559C32E933B8C3BFADBCE6F14B40416F8F9650C272C01A47F
  }#0AD2CF0D5391CE4C49D1F6A455C395AF5237E746
  Data{
    
  }#
  Commit{
    BlockID:    871325E1334E605D2184ABD0AEC11EF6E646EC0E:1:BBE4F790A7D5
    Precommits: Vote{0:4DC7C72DB6D7 1/01/2(Precommit) 871325E1334E {/B2ED12EA1D86.../}}
    Vote{1:5BB83C055C3B 1/01/2(Precommit) 871325E1334E {/C4D94CF6E92B.../}}
    Vote{2:BC977FC69072 1/01/2(Precommit) 871325E1334E {/B2DEF5327AD4.../}}
    Vote{3:FB84A36F5EEE 1/01/2(Precommit) 871325E1334E {/043ABDCCADF6.../}}
  }#634287A998DA3833C5648C2A2F94B2F455AA4C88
}#0AD2CF0D5391CE4C49D1F6A455C395AF5237E746 module=consensus 
I[02-23|17:55:03.112] Executed block                               module=state height=2 validTxs=0 invalidTxs=0
I[02-23|17:55:03.206] Committed state                              module=state height=2 txs=0 hash=C0FA38F90F19F2C7397D2E51B47EBC2C4FBD53ED4C409D21A538AE2C82E1C6E2
I[02-23|17:55:03.206] Recheck txs                                  module=mempool numtxs=0 height=2
I[02-23|17:55:03.670] Timed out                                    module=consensus dur=116.895346ms height=3 round=0 step=RoundStepNewHeight
I[02-23|17:55:03.711] Added to lastPrecommits: VoteSet{H:2 R:0 T:2 +2/3:0AD2CF0D5391CE4C49D1F6A455C395AF5237E746:1:C6B8F36BF0FA BA{4:XXXX} map[]} module=consensus 
I[02-23|17:55:03.802] enterNewRound(3/0). Current: 3/0/RoundStepNewHeight module=consensus 
I[02-23|17:55:03.802] enterPropose(3/0). Current: 3/0/RoundStepNewRound module=consensus 
I[02-23|17:55:03.802] enterPropose: Not our turn to propose        module=consensus proposer=BC977FC69072253C39650A497D4334ACA98E138A privValidator="PrivValidator{5BB83C055C3B5D20CF2BCEB801617B1F3F461BA7 LH:2, LR:0, LS:3}"
I[02-23|17:55:05.456] Received complete proposal block             module=consensus height=3 hash=989290480FF087A2C077461E03445F746695195D
I[02-23|17:55:05.456] enterPrevote(3/0). Current: 3/0/RoundStepPropose module=consensus 
I[02-23|17:55:05.457] enterPrevote: ProposalBlock is valid         module=consensus height=3 round=0
I[02-23|17:55:05.808] Signed and pushed vote                       module=consensus height=3 round=0 vote="Vote{1:5BB83C055C3B 3/00/1(Prevote) 989290480FF0 {/824EB30093DB.../}}" err=null
I[02-23|17:55:06.206] Added to prevote                             module=consensus vote="Vote{1:5BB83C055C3B 3/00/1(Prevote) 989290480FF0 {/824EB30093DB.../}}" prevotes="VoteSet{H:3 R:0 T:1 +2/3:<nil> BA{4:_X__} map[]}"
I[02-23|17:55:06.332] Added to prevote                             module=consensus vote="Vote{2:BC977FC69072 3/00/1(Prevote) 989290480FF0 {/B2BAB261E7CE.../}}" prevotes="VoteSet{H:3 R:0 T:1 +2/3:<nil> BA{4:_XX_} map[]}"
I[02-23|17:55:06.582] Added to prevote                             module=consensus vote="Vote{0:4DC7C72DB6D7 3/00/1(Prevote) 989290480FF0 {/F1B8D677BFC5.../}}" prevotes="VoteSet{H:3 R:0 T:1 +2/3:989290480FF087A2C077461E03445F746695195D:1:BEB8E42524C1 BA{4:XXX_} map[]}"
I[02-23|17:55:06.582] enterPrecommit(3/0). Current: 3/0/RoundStepPrevote module=consensus 
I[02-23|17:55:06.582] enterPrecommit: +2/3 prevoted proposal block. Locking module=consensus hash=989290480FF087A2C077461E03445F746695195D
I[02-23|17:55:06.682] Signed and pushed vote                       module=consensus height=3 round=0 vote="Vote{1:5BB83C055C3B 3/00/2(Precommit) 989290480FF0 {/49793ECA28FE.../}}" err=null
I[02-23|17:55:06.802] Timed out                                    module=consensus dur=3s height=3 round=0 step=RoundStepPropose
I[02-23|17:55:06.856] Added to precommit                           module=consensus vote="Vote{1:5BB83C055C3B 3/00/2(Precommit) 989290480FF0 {/49793ECA28FE.../}}" precommits="VoteSet{H:3 R:0 T:2 +2/3:<nil> BA{4:_X__} map[]}"
I[02-23|17:55:06.948] Added to prevote                             module=consensus vote="Vote{3:FB84A36F5EEE 3/00/1(Prevote) 989290480FF0 {/F9DC7D2EA9B9.../}}" prevotes="VoteSet{H:3 R:0 T:1 +2/3:989290480FF087A2C077461E03445F746695195D:1:BEB8E42524C1 BA{4:XXXX} map[]}"
I[02-23|17:55:07.113] Added to precommit                           module=consensus vote="Vote{0:4DC7C72DB6D7 3/00/2(Precommit) 989290480FF0 {/370515F7C325.../}}" precommits="VoteSet{H:3 R:0 T:2 +2/3:<nil> BA{4:XX__} map[]}"
I[02-23|17:55:07.237] Added to precommit                           module=consensus vote="Vote{2:BC977FC69072 3/00/2(Precommit) 989290480FF0 {/9808535722C3.../}}" precommits="VoteSet{H:3 R:0 T:2 +2/3:989290480FF087A2C077461E03445F746695195D:1:BEB8E42524C1 BA{4:XXX_} map[]}"
I[02-23|17:55:07.237] enterCommit(3/0). Current: 3/0/RoundStepPrecommit module=consensus 
I[02-23|17:55:07.331] Finalizing commit of block with 0 txs        module=consensus height=3 hash=989290480FF087A2C077461E03445F746695195D root=C0FA38F90F19F2C7397D2E51B47EBC2C4FBD53ED4C409D21A538AE2C82E1C6E2
I[02-23|17:55:07.332] Block{
  Header{
    ChainID:        chain-9sFObL
    Height:         3
    Time:           2018-02-23 17:55:04.561 +0000 UTC
    NumTxs:         0
    LastBlockID:    0AD2CF0D5391CE4C49D1F6A455C395AF5237E746:1:C6B8F36BF0FA
    LastCommit:     373BA101F8A4447B80F45FA58E04CFDA503E80F9
    Data:           
    Validators:     2FD20CFFA72ABA37E256E2ED72900C076E460FC9
    App:            C0FA38F90F19F2C7397D2E51B47EBC2C4FBD53ED4C409D21A538AE2C82E1C6E2
  }#989290480FF087A2C077461E03445F746695195D
  Data{
    
  }#
  Commit{
    BlockID:    0AD2CF0D5391CE4C49D1F6A455C395AF5237E746:1:C6B8F36BF0FA
    Precommits: Vote{0:4DC7C72DB6D7 2/00/2(Precommit) 0AD2CF0D5391 {/4A785A32A692.../}}
    Vote{1:5BB83C055C3B 2/00/2(Precommit) 0AD2CF0D5391 {/EB74113125AC.../}}
    Vote{2:BC977FC69072 2/00/2(Precommit) 0AD2CF0D5391 {/8952920D17FC.../}}
    Vote{3:FB84A36F5EEE 2/00/2(Precommit) 0AD2CF0D5391 {/FDE158154A3B.../}}
  }#373BA101F8A4447B80F45FA58E04CFDA503E80F9
}#989290480FF087A2C077461E03445F746695195D module=consensus 
I[02-23|17:55:07.700] Executed block                               module=state height=3 validTxs=0 invalidTxs=0
I[02-23|17:55:07.781] Committed state                              module=state height=3 txs=0 hash=6A4929A05E7B7C148902A284602379BD5D873F031F138F8D4BD33FA999F7DCCF
I[02-23|17:55:07.781] Recheck txs                                  module=mempool numtxs=0 height=3
I[02-23|17:55:08.237] Timed out                                    module=consensus dur=167.678237ms height=4 round=0 step=RoundStepNewHeight
I[02-23|17:55:08.355] enterNewRound(4/0). Current: 4/0/RoundStepNewHeight module=consensus 
I[02-23|17:55:08.356] enterPropose(4/0). Current: 4/0/RoundStepNewRound module=consensus 
I[02-23|17:55:08.356] enterPropose: Not our turn to propose        module=consensus proposer=FB84A36F5EEEEB47319427F20A5E30EBFCA6A230 privValidator="PrivValidator{5BB83C055C3B5D20CF2BCEB801617B1F3F461BA7 LH:3, LR:0, LS:3}"
I[02-23|17:55:11.356] Timed out                                    module=consensus dur=3s height=4 round=0 step=RoundStepPropose
I[02-23|17:55:11.389] enterPrevote(4/0). Current: 4/0/RoundStepPropose module=consensus 
I[02-23|17:55:11.389] enterPrevote: ProposalBlock is nil           module=consensus height=4 round=0
I[02-23|17:55:11.424] Signed and pushed vote                       module=consensus height=4 round=0 vote="Vote{1:5BB83C055C3B 4/00/1(Prevote) 000000000000 {/ADAB88DB2656.../}}" err=null
I[02-23|17:55:11.500] Added to prevote                             module=consensus vote="Vote{1:5BB83C055C3B 4/00/1(Prevote) 000000000000 {/ADAB88DB2656.../}}" prevotes="VoteSet{H:4 R:0 T:1 +2/3:<nil> BA{4:_X__} map[]}"
I[02-23|17:55:11.921] Added to prevote                             module=consensus vote="Vote{0:4DC7C72DB6D7 4/00/1(Prevote) 000000000000 {/B35F6C6BCC5C.../}}" prevotes="VoteSet{H:4 R:0 T:1 +2/3:<nil> BA{4:XX__} map[]}"
I[02-23|17:55:12.236] Added to prevote                             module=consensus vote="Vote{2:BC977FC69072 4/00/1(Prevote) 000000000000 {/587CE6E635DB.../}}" prevotes="VoteSet{H:4 R:0 T:1 +2/3::0:000000000000 BA{4:XXX_} map[]}"
I[02-23|17:55:12.236] enterPrecommit(4/0). Current: 4/0/RoundStepPrevote module=consensus 
I[02-23|17:55:12.236] enterPrecommit: +2/3 prevoted for nil.       module=consensus 
I[02-23|17:55:12.328] Signed and pushed vote                       module=consensus height=4 round=0 vote="Vote{1:5BB83C055C3B 4/00/2(Precommit) 000000000000 {/2322D233B9D5.../}}" err=null
I[02-23|17:55:12.528] Added to precommit                           module=consensus vote="Vote{1:5BB83C055C3B 4/00/2(Precommit) 000000000000 {/2322D233B9D5.../}}" precommits="VoteSet{H:4 R:0 T:2 +2/3:<nil> BA{4:_X__} map[]}"
I[02-23|17:55:12.602] Added to precommit                           module=consensus vote="Vote{2:BC977FC69072 4/00/2(Precommit) 000000000000 {/60783B82C12A.../}}" precommits="VoteSet{H:4 R:0 T:2 +2/3:<nil> BA{4:_XX_} map[]}"
I[02-23|17:55:12.694] Added to precommit                           module=consensus vote="Vote{0:4DC7C72DB6D7 4/00/2(Precommit) 000000000000 {/D1681AC880D8.../}}" precommits="VoteSet{H:4 R:0 T:2 +2/3::0:000000000000 BA{4:XXX_} map[]}"
I[02-23|17:55:12.694] enterNewRound(4/1). Current: 4/0/RoundStepPrecommit module=consensus 
I[02-23|17:55:12.694] enterPropose(4/1). Current: 4/1/RoundStepNewRound module=consensus 
I[02-23|17:55:12.694] enterPropose: Not our turn to propose        module=consensus proposer=4DC7C72DB6D715A890618313D423F6744FFDE7A8 privValidator="PrivValidator{5BB83C055C3B5D20CF2BCEB801617B1F3F461BA7 LH:4, LR:0, LS:3}"
I[02-23|17:55:12.929] Added to precommit                           module=consensus vote="Vote{3:FB84A36F5EEE 4/00/2(Precommit) 000000000000 {/A5EBB360A9AF.../}}" precommits="VoteSet{H:4 R:0 T:2 +2/3::0:000000000000 BA{4:XXXX} map[]}"
I[02-23|17:55:16.194] Timed out                                    module=consensus dur=3.5s height=4 round=1 step=RoundStepPropose
I[02-23|17:55:16.254] enterPrevote(4/1). Current: 4/1/RoundStepPropose module=consensus 
I[02-23|17:55:16.254] enterPrevote: ProposalBlock is nil           module=consensus height=4 round=1
I[02-23|17:55:16.305] Signed and pushed vote                       module=consensus height=4 round=1 vote="Vote{1:5BB83C055C3B 4/01/1(Prevote) 000000000000 {/52ABF86733A2.../}}" err=null
I[02-23|17:55:16.398] Added to prevote                             module=consensus vote="Vote{1:5BB83C055C3B 4/01/1(Prevote) 000000000000 {/52ABF86733A2.../}}" prevotes="VoteSet{H:4 R:1 T:1 +2/3:<nil> BA{4:_X__} map[]}"
I[02-23|17:55:16.636] Added to prevote                             module=consensus vote="Vote{0:4DC7C72DB6D7 4/01/1(Prevote) 000000000000 {/DD1824AB7F4F.../}}" prevotes="VoteSet{H:4 R:1 T:1 +2/3:<nil> BA{4:XX__} map[]}"
I[02-23|17:55:16.797] Added to prevote                             module=consensus vote="Vote{3:FB84A36F5EEE 4/01/1(Prevote) 000000000000 {/1F2176332D16.../}}" prevotes="VoteSet{H:4 R:1 T:1 +2/3::0:000000000000 BA{4:XX_X} map[]}"
I[02-23|17:55:16.797] enterPrecommit(4/1). Current: 4/1/RoundStepPrevote module=consensus 
I[02-23|17:55:16.797] enterPrecommit: +2/3 prevoted for nil.       module=consensus 
I[02-23|17:55:16.877] Signed and pushed vote                       module=consensus height=4 round=1 vote="Vote{1:5BB83C055C3B 4/01/2(Precommit) 000000000000 {/DF34C152D4D2.../}}" err=null
I[02-23|17:55:17.053] Added to precommit                           module=consensus vote="Vote{1:5BB83C055C3B 4/01/2(Precommit) 000000000000 {/DF34C152D4D2.../}}" precommits="VoteSet{H:4 R:1 T:2 +2/3:<nil> BA{4:_X__} map[]}"
I[02-23|17:55:17.329] Added to precommit                           module=consensus vote="Vote{0:4DC7C72DB6D7 4/01/2(Precommit) 000000000000 {/84A5083F51F9.../}}" precommits="VoteSet{H:4 R:1 T:2 +2/3:<nil> BA{4:XX__} map[]}"
I[02-23|17:55:17.421] Added to precommit                           module=consensus vote="Vote{3:FB84A36F5EEE 4/01/2(Precommit) 000000000000 {/3134C8B4FD2A.../}}" precommits="VoteSet{H:4 R:1 T:2 +2/3::0:000000000000 BA{4:XX_X} map[]}"
I[02-23|17:55:17.421] enterNewRound(4/2). Current: 4/1/RoundStepPrecommit module=consensus 
I[02-23|17:55:17.421] enterPropose(4/2). Current: 4/2/RoundStepNewRound module=consensus 
I[02-23|17:55:17.421] enterPropose: Our turn to propose            module=consensus proposer=5BB83C055C3B5D20CF2BCEB801617B1F3F461BA7 privValidator="PrivValidator{5BB83C055C3B5D20CF2BCEB801617B1F3F461BA7 LH:4, LR:1, LS:3}"
I[02-23|17:55:17.512] Signed proposal                              module=consensus height=4 round=2 proposal="Proposal{4/2 1:709FC9ABF9C7 (1,:0:000000000000) {/605466670F18.../}}"
I[02-23|17:55:17.837] Received complete proposal block             module=consensus height=4 hash=5ED00729302B5E130091EC791F65F9B98D446662
I[02-23|17:55:17.837] enterPrevote(4/2). Current: 4/2/RoundStepPropose module=consensus 
I[02-23|17:55:17.839] enterPrevote: ProposalBlock is valid         module=consensus height=4 round=2
I[02-23|17:55:17.928] Signed and pushed vote                       module=consensus height=4 round=2 vote="Vote{1:5BB83C055C3B 4/02/1(Prevote) 5ED00729302B {/922B14C9A854.../}}" err=null
I[02-23|17:55:18.165] Added to precommit                           module=consensus vote="Vote{2:BC977FC69072 4/01/2(Precommit) 000000000000 {/9017DA149A4A.../}}" precommits="VoteSet{H:4 R:1 T:2 +2/3::0:000000000000 BA{4:XXXX} map[]}"
I[02-23|17:55:18.262] Added to prevote                             module=consensus vote="Vote{1:5BB83C055C3B 4/02/1(Prevote) 5ED00729302B {/922B14C9A854.../}}" prevotes="VoteSet{H:4 R:2 T:1 +2/3:<nil> BA{4:_X__} map[]}"
I[02-23|17:55:18.530] Added to prevote                             module=consensus vote="Vote{2:BC977FC69072 4/01/1(Prevote) 000000000000 {/580F0EB4F48B.../}}" prevotes="VoteSet{H:4 R:1 T:1 +2/3::0:000000000000 BA{4:XXXX} map[F4346728780CCA5A37C6E25644BDC505232E81C68F89C23869E9AA4A8A56F6FD::0:000000000000 03DB2AC0D1A3574004A27F4AA24B278EE2CF132FABBBA5777D38C73F9559AD76::0:000000000000]}"
I[02-23|17:55:18.685] Added to prevote                             module=consensus vote="Vote{3:FB84A36F5EEE 4/02/1(Prevote) 5ED00729302B {/61791A35876B.../}}" prevotes="VoteSet{H:4 R:2 T:1 +2/3:<nil> BA{4:_X_X} map[]}"
I[02-23|17:55:18.763] Added to prevote                             module=consensus vote="Vote{0:4DC7C72DB6D7 4/02/1(Prevote) 5ED00729302B {/AFE32D2BEC40.../}}" prevotes="VoteSet{H:4 R:2 T:1 +2/3:5ED00729302B5E130091EC791F65F9B98D446662:1:709FC9ABF9C7 BA{4:XX_X} map[]}"
I[02-23|17:55:18.763] enterPrecommit(4/2). Current: 4/2/RoundStepPrevote module=consensus 
I[02-23|17:55:18.763] enterPrecommit: +2/3 prevoted proposal block. Locking module=consensus hash=5ED00729302B5E130091EC791F65F9B98D446662
I[02-23|17:55:18.854] Signed and pushed vote                       module=consensus height=4 round=2 vote="Vote{1:5BB83C055C3B 4/02/2(Precommit) 5ED00729302B {/B76F48BB0CCF.../}}" err=null
I[02-23|17:55:19.078] Added to precommit                           module=consensus vote="Vote{1:5BB83C055C3B 4/02/2(Precommit) 5ED00729302B {/B76F48BB0CCF.../}}" precommits="VoteSet{H:4 R:2 T:2 +2/3:<nil> BA{4:_X__} map[]}"
I[02-23|17:55:19.281] Added to precommit                           module=consensus vote="Vote{3:FB84A36F5EEE 4/02/2(Precommit) 5ED00729302B {/BD7862E7C13A.../}}" precommits="VoteSet{H:4 R:2 T:2 +2/3:<nil> BA{4:_X_X} map[]}"
I[02-23|17:55:19.364] Added to precommit                           module=consensus vote="Vote{0:4DC7C72DB6D7 4/02/2(Precommit) 5ED00729302B {/36CEE56E7E1E.../}}" precommits="VoteSet{H:4 R:2 T:2 +2/3:5ED00729302B5E130091EC791F65F9B98D446662:1:709FC9ABF9C7 BA{4:XX_X} map[]}"
I[02-23|17:55:19.365] enterCommit(4/2). Current: 4/2/RoundStepPrecommit module=consensus 
I[02-23|17:55:19.450] Finalizing commit of block with 0 txs        module=consensus height=4 hash=5ED00729302B5E130091EC791F65F9B98D446662 root=6A4929A05E7B7C148902A284602379BD5D873F031F138F8D4BD33FA999F7DCCF
I[02-23|17:55:19.451] Block{
  Header{
    ChainID:        chain-9sFObL
    Height:         4
    Time:           2018-02-23 17:55:17.421 +0000 UTC
    NumTxs:         0
    LastBlockID:    989290480FF087A2C077461E03445F746695195D:1:BEB8E42524C1
    LastCommit:     77D350DE3A691541300505EEE0D7F40071CFD421
    Data:           
    Validators:     2FD20CFFA72ABA37E256E2ED72900C076E460FC9
    App:            6A4929A05E7B7C148902A284602379BD5D873F031F138F8D4BD33FA999F7DCCF
  }#5ED00729302B5E130091EC791F65F9B98D446662
  Data{
    
  }#
  Commit{
    BlockID:    989290480FF087A2C077461E03445F746695195D:1:BEB8E42524C1
    Precommits: Vote{0:4DC7C72DB6D7 3/00/2(Precommit) 989290480FF0 {/370515F7C325.../}}
    Vote{1:5BB83C055C3B 3/00/2(Precommit) 989290480FF0 {/49793ECA28FE.../}}
    Vote{2:BC977FC69072 3/00/2(Precommit) 989290480FF0 {/9808535722C3.../}}
    nil-Vote
  }#77D350DE3A691541300505EEE0D7F40071CFD421
}#5ED00729302B5E130091EC791F65F9B98D446662 module=consensus 
I[02-23|17:55:19.711] Executed block                               module=state height=4 validTxs=0 invalidTxs=0
I[02-23|17:55:19.781] Committed state                              module=state height=4 txs=0 hash=E00D83D547DD476366238CC186D0DA3A0A0212BF6DF245F35A687F8C75FE70BD
I[02-23|17:55:19.782] Recheck txs                                  module=mempool numtxs=0 height=4
I[02-23|17:55:20.365] Timed out                                    module=consensus dur=326.772244ms height=5 round=0 step=RoundStepNewHeight
I[02-23|17:55:20.829] enterNewRound(5/0). Current: 5/0/RoundStepNewHeight module=consensus 
I[02-23|17:55:20.829] enterPropose(5/0). Current: 5/0/RoundStepNewRound module=consensus 
I[02-23|17:55:20.829] enterPropose: Not our turn to propose        module=consensus proposer=4DC7C72DB6D715A890618313D423F6744FFDE7A8 privValidator="PrivValidator{5BB83C055C3B5D20CF2BCEB801617B1F3F461BA7 LH:4, LR:2, LS:3}"
I[02-23|17:55:23.829] Timed out                                    module=consensus dur=3s height=5 round=0 step=RoundStepPropose
I[02-23|17:55:23.915] enterPrevote(5/0). Current: 5/0/RoundStepPropose module=consensus 
I[02-23|17:55:23.915] enterPrevote: ProposalBlock is nil           module=consensus height=5 round=0
I[02-23|17:55:23.971] Signed and pushed vote                       module=consensus height=5 round=0 vote="Vote{1:5BB83C055C3B 5/00/1(Prevote) 000000000000 {/89291F93D21E.../}}" err=null
I[02-23|17:55:24.071] Added to prevote                             module=consensus vote="Vote{1:5BB83C055C3B 5/00/1(Prevote) 000000000000 {/89291F93D21E.../}}" prevotes="VoteSet{H:5 R:0 T:1 +2/3:<nil> BA{4:_X__} map[]}"
I[02-23|17:55:24.165] Added to prevote                             module=consensus vote="Vote{3:FB84A36F5EEE 5/00/1(Prevote) 000000000000 {/F5B5EEC9902B.../}}" prevotes="VoteSet{H:5 R:0 T:1 +2/3:<nil> BA{4:_X_X} map[]}"
I[02-23|17:55:24.248] Added to prevote                             module=consensus vote="Vote{0:4DC7C72DB6D7 5/00/1(Prevote) 000000000000 {/A29C08D68748.../}}" prevotes="VoteSet{H:5 R:0 T:1 +2/3::0:000000000000 BA{4:XX_X} map[]}"
I[02-23|17:55:24.248] enterPrecommit(5/0). Current: 5/0/RoundStepPrevote module=consensus 
I[02-23|17:55:24.248] enterPrecommit: +2/3 prevoted for nil.       module=consensus 
I[02-23|17:55:24.373] Signed and pushed vote                       module=consensus height=5 round=0 vote="Vote{1:5BB83C055C3B 5/00/2(Precommit) 000000000000 {/4084FC815A8A.../}}" err=null
I[02-23|17:55:24.572] Added to precommit                           module=consensus vote="Vote{1:5BB83C055C3B 5/00/2(Precommit) 000000000000 {/4084FC815A8A.../}}" precommits="VoteSet{H:5 R:0 T:2 +2/3:<nil> BA{4:_X__} map[]}"
I[02-23|17:55:25.032] Added to precommit                           module=consensus vote="Vote{3:FB84A36F5EEE 5/00/2(Precommit) 000000000000 {/1FFBA57739F8.../}}" precommits="VoteSet{H:5 R:0 T:2 +2/3:<nil> BA{4:_X_X} map[]}"
I[02-23|17:55:25.118] Added to precommit                           module=consensus vote="Vote{0:4DC7C72DB6D7 5/00/2(Precommit) 000000000000 {/97048C8C151A.../}}" precommits="VoteSet{H:5 R:0 T:2 +2/3::0:000000000000 BA{4:XX_X} map[]}"
I[02-23|17:55:25.118] enterNewRound(5/1). Current: 5/0/RoundStepPrecommit module=consensus 
I[02-23|17:55:25.118] enterPropose(5/1). Current: 5/1/RoundStepNewRound module=consensus 
I[02-23|17:55:25.118] enterPropose: Our turn to propose            module=consensus proposer=5BB83C055C3B5D20CF2BCEB801617B1F3F461BA7 privValidator="PrivValidator{5BB83C055C3B5D20CF2BCEB801617B1F3F461BA7 LH:5, LR:0, LS:3}"
I[02-23|17:55:25.200] Signed proposal                              module=consensus height=5 round=1 proposal="Proposal{5/1 1:2AF77D1DA963 (0,:0:000000000000) {/77BD43ECA9AD.../}}"
I[02-23|17:55:25.342] Added to precommit                           module=consensus vote="Vote{2:BC977FC69072 5/00/2(Precommit) 000000000000 {/000B1F53B3F5.../}}" precommits="VoteSet{H:5 R:0 T:2 +2/3::0:000000000000 BA{4:XXXX} map[]}"
I[02-23|17:55:25.750] Received complete proposal block             module=consensus height=5 hash=73E5259DF216E49449E0CA14B8568FAF170A001D
I[02-23|17:55:25.750] enterPrevote(5/1). Current: 5/1/RoundStepPropose module=consensus 
I[02-23|17:55:25.751] enterPrevote: ProposalBlock is valid         module=consensus height=5 round=1
I[02-23|17:55:25.813] Signed and pushed vote                       module=consensus height=5 round=1 vote="Vote{1:5BB83C055C3B 5/01/1(Prevote) 73E5259DF216 {/8AAA670F9947.../}}" err=null
I[02-23|17:55:25.873] Added to prevote                             module=consensus vote="Vote{1:5BB83C055C3B 5/01/1(Prevote) 73E5259DF216 {/8AAA670F9947.../}}" prevotes="VoteSet{H:5 R:1 T:1 +2/3:<nil> BA{4:_X__} map[]}"
I[02-23|17:55:26.499] Added to prevote                             module=consensus vote="Vote{0:4DC7C72DB6D7 5/01/1(Prevote) 73E5259DF216 {/65F334F6E136.../}}" prevotes="VoteSet{H:5 R:1 T:1 +2/3:<nil> BA{4:XX__} map[]}"
I[02-23|17:55:26.700] Added to prevote                             module=consensus vote="Vote{2:BC977FC69072 5/01/1(Prevote) 73E5259DF216 {/4C36D2AFA89C.../}}" prevotes="VoteSet{H:5 R:1 T:1 +2/3:73E5259DF216E49449E0CA14B8568FAF170A001D:1:2AF77D1DA963 BA{4:XXX_} map[]}"
I[02-23|17:55:26.700] enterPrecommit(5/1). Current: 5/1/RoundStepPrevote module=consensus 
I[02-23|17:55:26.700] enterPrecommit: +2/3 prevoted proposal block. Locking module=consensus hash=73E5259DF216E49449E0CA14B8568FAF170A001D
I[02-23|17:55:26.792] Signed and pushed vote                       module=consensus height=5 round=1 vote="Vote{1:5BB83C055C3B 5/01/2(Precommit) 73E5259DF216 {/B9CA6E090C43.../}}" err=null
I[02-23|17:55:26.967] Added to precommit                           module=consensus vote="Vote{1:5BB83C055C3B 5/01/2(Precommit) 73E5259DF216 {/B9CA6E090C43.../}}" precommits="VoteSet{H:5 R:1 T:2 +2/3:<nil> BA{4:_X__} map[]}"
I[02-23|17:55:27.048] Added to prevote                             module=consensus vote="Vote{3:FB84A36F5EEE 5/01/1(Prevote) 73E5259DF216 {/194DE8C4E29F.../}}" prevotes="VoteSet{H:5 R:1 T:1 +2/3:73E5259DF216E49449E0CA14B8568FAF170A001D:1:2AF77D1DA963 BA{4:XXXX} map[]}"
I[02-23|17:55:27.349] Added to precommit                           module=consensus vote="Vote{2:BC977FC69072 5/01/2(Precommit) 73E5259DF216 {/C738E97DDAFC.../}}" precommits="VoteSet{H:5 R:1 T:2 +2/3:<nil> BA{4:_XX_} map[]}"
I[02-23|17:55:28.088] Added to precommit                           module=consensus vote="Vote{0:4DC7C72DB6D7 5/01/2(Precommit) 73E5259DF216 {/5E3B7ECD5EFE.../}}" precommits="VoteSet{H:5 R:1 T:2 +2/3:73E5259DF216E49449E0CA14B8568FAF170A001D:1:2AF77D1DA963 BA{4:XXX_} map[]}"
I[02-23|17:55:28.088] enterCommit(5/1). Current: 5/1/RoundStepPrecommit module=consensus 
I[02-23|17:55:28.182] Finalizing commit of block with 0 txs        module=consensus height=5 hash=73E5259DF216E49449E0CA14B8568FAF170A001D root=E00D83D547DD476366238CC186D0DA3A0A0212BF6DF245F35A687F8C75FE70BD
I[02-23|17:55:28.182] Block{
  Header{
    ChainID:        chain-9sFObL
    Height:         5
    Time:           2018-02-23 17:55:25.118 +0000 UTC
    NumTxs:         0
    LastBlockID:    5ED00729302B5E130091EC791F65F9B98D446662:1:709FC9ABF9C7
    LastCommit:     660ABB6C7B251F36D39ECFF9BB564C2A74A280CD
    Data:           
    Validators:     2FD20CFFA72ABA37E256E2ED72900C076E460FC9
    App:            E00D83D547DD476366238CC186D0DA3A0A0212BF6DF245F35A687F8C75FE70BD
  }#73E5259DF216E49449E0CA14B8568FAF170A001D
  Data{
    
  }#
  Commit{
    BlockID:    5ED00729302B5E130091EC791F65F9B98D446662:1:709FC9ABF9C7
    Precommits: Vote{0:4DC7C72DB6D7 4/02/2(Precommit) 5ED00729302B {/36CEE56E7E1E.../}}
    Vote{1:5BB83C055C3B 4/02/2(Precommit) 5ED00729302B {/B76F48BB0CCF.../}}
    nil-Vote
    Vote{3:FB84A36F5EEE 4/02/2(Precommit) 5ED00729302B {/BD7862E7C13A.../}}
  }#660ABB6C7B251F36D39ECFF9BB564C2A74A280CD
}#73E5259DF216E49449E0CA14B8568FAF170A001D module=consensus 
I[02-23|17:55:28.491] Executed block                               module=state height=5 validTxs=0 invalidTxs=0
I[02-23|17:55:28.592] Committed state                              module=state height=5 txs=0 hash=48184908C480E85ED75545569304B43FF5E63322FCDF33A5DDB9EAE83C89DCC7
I[02-23|17:55:28.593] Recheck txs                                  module=mempool numtxs=0 height=5
I[02-23|17:55:28.618] Timed out                                    module=consensus dur=3.5s height=5 round=1 step=RoundStepPropose
I[02-23|17:55:29.089] Timed out                                    module=consensus dur=266.586825ms height=6 round=0 step=RoundStepNewHeight
I[02-23|17:55:29.154] enterNewRound(6/0). Current: 6/0/RoundStepNewHeight module=consensus 
I[02-23|17:55:29.154] enterPropose(6/0). Current: 6/0/RoundStepNewRound module=consensus 
I[02-23|17:55:29.154] enterPropose: Our turn to propose            module=consensus proposer=5BB83C055C3B5D20CF2BCEB801617B1F3F461BA7 privValidator="PrivValidator{5BB83C055C3B5D20CF2BCEB801617B1F3F461BA7 LH:5, LR:1, LS:3}"
I[02-23|17:55:29.246] Signed proposal                              module=consensus height=6 round=0 proposal="Proposal{6/0 1:B0B100A28BBA (-1,:0:000000000000) {/77DB0D6F8718.../}}"
I[02-23|17:55:29.654] Received complete proposal block             module=consensus height=6 hash=395C0B148DCFEF1B4C1602C7E324A0CB3D86FED9
I[02-23|17:55:29.654] enterPrevote(6/0). Current: 6/0/RoundStepPropose module=consensus 
I[02-23|17:55:29.657] enterPrevote: ProposalBlock is valid         module=consensus height=6 round=0
I[02-23|17:55:29.739] Signed and pushed vote                       module=consensus height=6 round=0 vote="Vote{1:5BB83C055C3B 6/00/1(Prevote) 395C0B148DCF {/3E6EE463269C.../}}" err=null
I[02-23|17:55:30.198] Added to prevote                             module=consensus vote="Vote{1:5BB83C055C3B 6/00/1(Prevote) 395C0B148DCF {/3E6EE463269C.../}}" prevotes="VoteSet{H:6 R:0 T:1 +2/3:<nil> BA{4:_X__} map[]}"
I[02-23|17:55:30.938] Added to prevote                             module=consensus vote="Vote{2:BC977FC69072 6/00/1(Prevote) 395C0B148DCF {/5AD5FA7FC34E.../}}" prevotes="VoteSet{H:6 R:0 T:1 +2/3:<nil> BA{4:_XX_} map[]}"
I[02-23|17:55:31.098] Added to prevote                             module=consensus vote="Vote{0:4DC7C72DB6D7 6/00/1(Prevote) 395C0B148DCF {/35C0C7EE5CD9.../}}" prevotes="VoteSet{H:6 R:0 T:1 +2/3:395C0B148DCFEF1B4C1602C7E324A0CB3D86FED9:1:B0B100A28BBA BA{4:XXX_} map[]}"
I[02-23|17:55:31.100] enterPrecommit(6/0). Current: 6/0/RoundStepPrevote module=consensus 
I[02-23|17:55:31.100] enterPrecommit: +2/3 prevoted proposal block. Locking module=consensus hash=395C0B148DCFEF1B4C1602C7E324A0CB3D86FED9
I[02-23|17:55:31.254] Signed and pushed vote                       module=consensus height=6 round=0 vote="Vote{1:5BB83C055C3B 6/00/2(Precommit) 395C0B148DCF {/D04EC5355F04.../}}" err=null
I[02-23|17:55:31.429] Added to precommit                           module=consensus vote="Vote{1:5BB83C055C3B 6/00/2(Precommit) 395C0B148DCF {/D04EC5355F04.../}}" precommits="VoteSet{H:6 R:0 T:2 +2/3:<nil> BA{4:_X__} map[]}"
I[02-23|17:55:31.621] Added to precommit                           module=consensus vote="Vote{2:BC977FC69072 6/00/2(Precommit) 395C0B148DCF {/866CD58CAFB2.../}}" precommits="VoteSet{H:6 R:0 T:2 +2/3:<nil> BA{4:_XX_} map[]}"
I[02-23|17:55:31.878] Added to precommit                           module=consensus vote="Vote{0:4DC7C72DB6D7 6/00/2(Precommit) 395C0B148DCF {/B693AE68B952.../}}" precommits="VoteSet{H:6 R:0 T:2 +2/3:395C0B148DCFEF1B4C1602C7E324A0CB3D86FED9:1:B0B100A28BBA BA{4:XXX_} map[]}"
I[02-23|17:55:31.879] enterCommit(6/0). Current: 6/0/RoundStepPrecommit module=consensus 
I[02-23|17:55:31.981] Finalizing commit of block with 0 txs        module=consensus height=6 hash=395C0B148DCFEF1B4C1602C7E324A0CB3D86FED9 root=48184908C480E85ED75545569304B43FF5E63322FCDF33A5DDB9EAE83C89DCC7
I[02-23|17:55:31.981] Block{
  Header{
    ChainID:        chain-9sFObL
    Height:         6
    Time:           2018-02-23 17:55:29.154 +0000 UTC
    NumTxs:         0
    LastBlockID:    73E5259DF216E49449E0CA14B8568FAF170A001D:1:2AF77D1DA963
    LastCommit:     F8BA9430721D83D9DF8CD4993A03C25BAC64C936
    Data:           
    Validators:     2FD20CFFA72ABA37E256E2ED72900C076E460FC9
    App:            48184908C480E85ED75545569304B43FF5E63322FCDF33A5DDB9EAE83C89DCC7
  }#395C0B148DCFEF1B4C1602C7E324A0CB3D86FED9
  Data{
    
  }#
  Commit{
    BlockID:    73E5259DF216E49449E0CA14B8568FAF170A001D:1:2AF77D1DA963
    Precommits: Vote{0:4DC7C72DB6D7 5/01/2(Precommit) 73E5259DF216 {/5E3B7ECD5EFE.../}}
    Vote{1:5BB83C055C3B 5/01/2(Precommit) 73E5259DF216 {/B9CA6E090C43.../}}
    Vote{2:BC977FC69072 5/01/2(Precommit) 73E5259DF216 {/C738E97DDAFC.../}}
    nil-Vote
  }#F8BA9430721D83D9DF8CD4993A03C25BAC64C936
}#395C0B148DCFEF1B4C1602C7E324A0CB3D86FED9 module=consensus 
I[02-23|17:55:32.155] Timed out                                    module=consensus dur=3s height=6 round=0 step=RoundStepPropose
I[02-23|17:55:32.241] Executed block                               module=state height=6 validTxs=0 invalidTxs=0
I[02-23|17:55:32.331] Committed state                              module=state height=6 txs=0 hash=86B4C55BB83FD66A7471BECC5EB74D60CE15CAF852084E0F553A867C1D0CAEF4
I[02-23|17:55:32.332] Recheck txs                                  module=mempool numtxs=0 height=6
I[02-23|17:55:32.879] Timed out                                    module=consensus dur=274.60737ms height=7 round=0 step=RoundStepNewHeight
I[02-23|17:55:33.037] enterNewRound(7/0). Current: 7/0/RoundStepNewHeight module=consensus 
I[02-23|17:55:33.037] enterPropose(7/0). Current: 7/0/RoundStepNewRound module=consensus 
I[02-23|17:55:33.037] enterPropose: Not our turn to propose        module=consensus proposer=BC977FC69072253C39650A497D4334ACA98E138A privValidator="PrivValidator{5BB83C055C3B5D20CF2BCEB801617B1F3F461BA7 LH:6, LR:0, LS:3}"
I[02-23|17:55:34.245] Received complete proposal block             module=consensus height=7 hash=1F74CB3AF56E650FE0A256B123A61C2F40853040
I[02-23|17:55:34.245] enterPrevote(7/0). Current: 7/0/RoundStepPropose module=consensus 
I[02-23|17:55:34.248] enterPrevote: ProposalBlock is valid         module=consensus height=7 round=0
I[02-23|17:55:34.337] Signed and pushed vote                       module=consensus height=7 round=0 vote="Vote{1:5BB83C055C3B 7/00/1(Prevote) 1F74CB3AF56E {/7E8049597922.../}}" err=null
I[02-23|17:55:34.554] Added to prevote                             module=consensus vote="Vote{1:5BB83C055C3B 7/00/1(Prevote) 1F74CB3AF56E {/7E8049597922.../}}" prevotes="VoteSet{H:7 R:0 T:1 +2/3:<nil> BA{4:_X__} map[]}"
I[02-23|17:55:34.638] Added to prevote                             module=consensus vote="Vote{2:BC977FC69072 7/00/1(Prevote) 1F74CB3AF56E {/FF4B5748A8BA.../}}" prevotes="VoteSet{H:7 R:0 T:1 +2/3:<nil> BA{4:_XX_} map[]}"
I[02-23|17:55:34.830] Added to prevote                             module=consensus vote="Vote{0:4DC7C72DB6D7 7/00/1(Prevote) 1F74CB3AF56E {/18C8583E3F5F.../}}" prevotes="VoteSet{H:7 R:0 T:1 +2/3:1F74CB3AF56E650FE0A256B123A61C2F40853040:1:A0D28D0FFBAA BA{4:XXX_} map[]}"
I[02-23|17:55:34.831] enterPrecommit(7/0). Current: 7/0/RoundStepPrevote module=consensus 
I[02-23|17:55:34.831] enterPrecommit: +2/3 prevoted proposal block. Locking module=consensus hash=1F74CB3AF56E650FE0A256B123A61C2F40853040
I[02-23|17:55:34.913] Signed and pushed vote                       module=consensus height=7 round=0 vote="Vote{1:5BB83C055C3B 7/00/2(Precommit) 1F74CB3AF56E {/6F8889B0CD2B.../}}" err=null
I[02-23|17:55:35.087] Added to precommit                           module=consensus vote="Vote{1:5BB83C055C3B 7/00/2(Precommit) 1F74CB3AF56E {/6F8889B0CD2B.../}}" precommits="VoteSet{H:7 R:0 T:2 +2/3:<nil> BA{4:_X__} map[]}"
I[02-23|17:55:35.281] Added to precommit                           module=consensus vote="Vote{2:BC977FC69072 7/00/2(Precommit) 1F74CB3AF56E {/DDA4959A5B18.../}}" precommits="VoteSet{H:7 R:0 T:2 +2/3:<nil> BA{4:_XX_} map[]}"
I[02-23|17:55:35.364] Added to precommit                           module=consensus vote="Vote{0:4DC7C72DB6D7 7/00/2(Precommit) 1F74CB3AF56E {/321A7D756B01.../}}" precommits="VoteSet{H:7 R:0 T:2 +2/3:1F74CB3AF56E650FE0A256B123A61C2F40853040:1:A0D28D0FFBAA BA{4:XXX_} map[]}"
I[02-23|17:55:35.364] enterCommit(7/0). Current: 7/0/RoundStepPrecommit module=consensus 
I[02-23|17:55:35.465] Finalizing commit of block with 0 txs        module=consensus height=7 hash=1F74CB3AF56E650FE0A256B123A61C2F40853040 root=86B4C55BB83FD66A7471BECC5EB74D60CE15CAF852084E0F553A867C1D0CAEF4
I[02-23|17:55:35.465] Block{
  Header{
    ChainID:        chain-9sFObL
    Height:         7
    Time:           2018-02-23 17:55:33.037 +0000 UTC
    NumTxs:         0
    LastBlockID:    395C0B148DCFEF1B4C1602C7E324A0CB3D86FED9:1:B0B100A28BBA
    LastCommit:     FFAB9448D06F28313CD53C35577B26A6C264DF22
    Data:           
    Validators:     2FD20CFFA72ABA37E256E2ED72900C076E460FC9
    App:            86B4C55BB83FD66A7471BECC5EB74D60CE15CAF852084E0F553A867C1D0CAEF4
  }#1F74CB3AF56E650FE0A256B123A61C2F40853040
  Data{
    
  }#
  Commit{
    BlockID:    395C0B148DCFEF1B4C1602C7E324A0CB3D86FED9:1:B0B100A28BBA
    Precommits: Vote{0:4DC7C72DB6D7 6/00/2(Precommit) 395C0B148DCF {/B693AE68B952.../}}
    Vote{1:5BB83C055C3B 6/00/2(Precommit) 395C0B148DCF {/D04EC5355F04.../}}
    Vote{2:BC977FC69072 6/00/2(Precommit) 395C0B148DCF {/866CD58CAFB2.../}}
    nil-Vote
  }#FFAB9448D06F28313CD53C35577B26A6C264DF22
}#1F74CB3AF56E650FE0A256B123A61C2F40853040 module=consensus 
I[02-23|17:55:35.802] Executed block                               module=state height=7 validTxs=0 invalidTxs=0
I[02-23|17:55:35.892] Committed state                              module=state height=7 txs=0 hash=BA76B9420EA4A0281D9EDC5C6996485F9F33AB94ECCCC7F5F7A36F220DC319F6
I[02-23|17:55:35.892] Recheck txs                                  module=mempool numtxs=0 height=7
I[02-23|17:55:36.037] Timed out                                    module=consensus dur=3s height=7 round=0 step=RoundStepPropose
I[02-23|17:55:36.365] Timed out                                    module=consensus dur=174.710526ms height=8 round=0 step=RoundStepNewHeight
I[02-23|17:55:36.731] enterNewRound(8/0). Current: 8/0/RoundStepNewHeight module=consensus 
I[02-23|17:55:36.731] enterPropose(8/0). Current: 8/0/RoundStepNewRound module=consensus 
I[02-23|17:55:36.731] enterPropose: Not our turn to propose        module=consensus proposer=FB84A36F5EEEEB47319427F20A5E30EBFCA6A230 privValidator="PrivValidator{5BB83C055C3B5D20CF2BCEB801617B1F3F461BA7 LH:7, LR:0, LS:3}"
I[02-23|17:55:39.731] Timed out                                    module=consensus dur=3s height=8 round=0 step=RoundStepPropose
I[02-23|17:55:39.814] enterPrevote(8/0). Current: 8/0/RoundStepPropose module=consensus 
I[02-23|17:55:39.814] enterPrevote: ProposalBlock is nil           module=consensus height=8 round=0
I[02-23|17:55:39.915] Signed and pushed vote                       module=consensus height=8 round=0 vote="Vote{1:5BB83C055C3B 8/00/1(Prevote) 000000000000 {/8FA259EB624D.../}}" err=null
I[02-23|17:55:40.016] Added to prevote                             module=consensus vote="Vote{1:5BB83C055C3B 8/00/1(Prevote) 000000000000 {/8FA259EB624D.../}}" prevotes="VoteSet{H:8 R:0 T:1 +2/3:<nil> BA{4:_X__} map[]}"
I[02-23|17:55:40.299] Added to prevote                             module=consensus vote="Vote{2:BC977FC69072 8/00/1(Prevote) 000000000000 {/FAD4924E6304.../}}" prevotes="VoteSet{H:8 R:0 T:1 +2/3:<nil> BA{4:_XX_} map[]}"
I[02-23|17:55:40.492] Added to prevote                             module=consensus vote="Vote{0:4DC7C72DB6D7 8/00/1(Prevote) 000000000000 {/B9031C78DBEA.../}}" prevotes="VoteSet{H:8 R:0 T:1 +2/3::0:000000000000 BA{4:XXX_} map[]}"
I[02-23|17:55:40.492] enterPrecommit(8/0). Current: 8/0/RoundStepPrevote module=consensus 
I[02-23|17:55:40.492] enterPrecommit: +2/3 prevoted for nil.       module=consensus 
I[02-23|17:55:40.632] Signed and pushed vote                       module=consensus height=8 round=0 vote="Vote{1:5BB83C055C3B 8/00/2(Precommit) 000000000000 {/737939BE2578.../}}" err=null
I[02-23|17:55:40.833] Added to precommit                           module=consensus vote="Vote{1:5BB83C055C3B 8/00/2(Precommit) 000000000000 {/737939BE2578.../}}" precommits="VoteSet{H:8 R:0 T:2 +2/3:<nil> BA{4:_X__} map[]}"
I[02-23|17:55:41.000] Added to precommit                           module=consensus vote="Vote{2:BC977FC69072 8/00/2(Precommit) 000000000000 {/70E5A5AC697C.../}}" precommits="VoteSet{H:8 R:0 T:2 +2/3:<nil> BA{4:_XX_} map[]}"
I[02-23|17:55:41.132] Added to precommit                           module=consensus vote="Vote{3:FB84A36F5EEE 8/00/2(Precommit) 000000000000 {/CD65BEE78922.../}}" precommits="VoteSet{H:8 R:0 T:2 +2/3::0:000000000000 BA{4:_XXX} map[]}"
I[02-23|17:55:41.132] enterNewRound(8/1). Current: 8/0/RoundStepPrecommit module=consensus 
I[02-23|17:55:41.132] enterPropose(8/1). Current: 8/1/RoundStepNewRound module=consensus 
I[02-23|17:55:41.132] enterPropose: Not our turn to propose        module=consensus proposer=4DC7C72DB6D715A890618313D423F6744FFDE7A8 privValidator="PrivValidator{5BB83C055C3B5D20CF2BCEB801617B1F3F461BA7 LH:8, LR:0, LS:3}"
I[02-23|17:55:41.323] Added to precommit                           module=consensus vote="Vote{0:4DC7C72DB6D7 8/00/2(Precommit) 000000000000 {/5351811F1C3B.../}}" precommits="VoteSet{H:8 R:0 T:2 +2/3::0:000000000000 BA{4:XXXX} map[]}"
I[02-23|17:55:44.632] Timed out                                    module=consensus dur=3.5s height=8 round=1 step=RoundStepPropose
I[02-23|17:55:44.675] enterPrevote(8/1). Current: 8/1/RoundStepPropose module=consensus 
I[02-23|17:55:44.675] enterPrevote: ProposalBlock is nil           module=consensus height=8 round=1
I[02-23|17:55:44.738] Signed and pushed vote                       module=consensus height=8 round=1 vote="Vote{1:5BB83C055C3B 8/01/1(Prevote) 000000000000 {/D30874A68F1A.../}}" err=null
I[02-23|17:55:44.933] Added to prevote                             module=consensus vote="Vote{1:5BB83C055C3B 8/01/1(Prevote) 000000000000 {/D30874A68F1A.../}}" prevotes="VoteSet{H:8 R:1 T:1 +2/3:<nil> BA{4:_X__} map[]}"
I[02-23|17:55:45.263] Added to prevote                             module=consensus vote="Vote{2:BC977FC69072 8/01/1(Prevote) 000000000000 {/1A463E593381.../}}" prevotes="VoteSet{H:8 R:1 T:1 +2/3:<nil> BA{4:_XX_} map[]}"
I[02-23|17:55:45.347] Added to prevote                             module=consensus vote="Vote{0:4DC7C72DB6D7 8/01/1(Prevote) 000000000000 {/F86CDF0C076B.../}}" prevotes="VoteSet{H:8 R:1 T:1 +2/3::0:000000000000 BA{4:XXX_} map[]}"
I[02-23|17:55:45.347] enterPrecommit(8/1). Current: 8/1/RoundStepPrevote module=consensus 
I[02-23|17:55:45.347] enterPrecommit: +2/3 prevoted for nil.       module=consensus 
I[02-23|17:55:45.446] Signed and pushed vote                       module=consensus height=8 round=1 vote="Vote{1:5BB83C055C3B 8/01/2(Precommit) 000000000000 {/1562F3D0D589.../}}" err=null
I[02-23|17:55:45.632] Added to precommit                           module=consensus vote="Vote{1:5BB83C055C3B 8/01/2(Precommit) 000000000000 {/1562F3D0D589.../}}" precommits="VoteSet{H:8 R:1 T:2 +2/3:<nil> BA{4:_X__} map[]}"
I[02-23|17:55:45.714] Added to prevote                             module=consensus vote="Vote{3:FB84A36F5EEE 8/01/1(Prevote) 000000000000 {/A361E45C5FF0.../}}" prevotes="VoteSet{H:8 R:1 T:1 +2/3::0:000000000000 BA{4:XXXX} map[]}"
I[02-23|17:55:45.914] Added to precommit                           module=consensus vote="Vote{0:4DC7C72DB6D7 8/01/2(Precommit) 000000000000 {/97061D653DF2.../}}" precommits="VoteSet{H:8 R:1 T:2 +2/3:<nil> BA{4:XX__} map[]}"
I[02-23|17:55:46.014] Added to precommit                           module=consensus vote="Vote{3:FB84A36F5EEE 8/01/2(Precommit) 000000000000 {/AFAF68AE0809.../}}" precommits="VoteSet{H:8 R:1 T:2 +2/3::0:000000000000 BA{4:XX_X} map[]}"
I[02-23|17:55:46.014] enterNewRound(8/2). Current: 8/1/RoundStepPrecommit module=consensus 
I[02-23|17:55:46.015] enterPropose(8/2). Current: 8/2/RoundStepNewRound module=consensus 
I[02-23|17:55:46.015] enterPropose: Our turn to propose            module=consensus proposer=5BB83C055C3B5D20CF2BCEB801617B1F3F461BA7 privValidator="PrivValidator{5BB83C055C3B5D20CF2BCEB801617B1F3F461BA7 LH:8, LR:1, LS:3}"
I[02-23|17:55:46.090] Signed proposal                              module=consensus height=8 round=2 proposal="Proposal{8/2 1:36EAF176EB13 (1,:0:000000000000) {/5EF726F21CF2.../}}"
I[02-23|17:55:46.308] Added to precommit                           module=consensus vote="Vote{2:BC977FC69072 8/01/2(Precommit) 000000000000 {/9496B8CDB118.../}}" precommits="VoteSet{H:8 R:1 T:2 +2/3::0:000000000000 BA{4:XXXX} map[]}"
I[02-23|17:55:46.891] Received complete proposal block             module=consensus height=8 hash=AD3CF6C17F1E79EEAED38FDBFA7E0E4DCFFBFDE6
I[02-23|17:55:46.891] enterPrevote(8/2). Current: 8/2/RoundStepPropose module=consensus 
I[02-23|17:55:46.894] enterPrevote: ProposalBlock is valid         module=consensus height=8 round=2
I[02-23|17:55:47.033] Signed and pushed vote                       module=consensus height=8 round=2 vote="Vote{1:5BB83C055C3B 8/02/1(Prevote) AD3CF6C17F1E {/455239360200.../}}" err=null
I[02-23|17:55:47.266] Added to prevote                             module=consensus vote="Vote{1:5BB83C055C3B 8/02/1(Prevote) AD3CF6C17F1E {/455239360200.../}}" prevotes="VoteSet{H:8 R:2 T:1 +2/3:<nil> BA{4:_X__} map[]}"
I[02-23|17:55:47.684] Added to prevote                             module=consensus vote="Vote{0:4DC7C72DB6D7 8/02/1(Prevote) AD3CF6C17F1E {/CDF0493FE622.../}}" prevotes="VoteSet{H:8 R:2 T:1 +2/3:<nil> BA{4:XX__} map[]}"
I[02-23|17:55:47.901] Added to prevote                             module=consensus vote="Vote{2:BC977FC69072 8/02/1(Prevote) AD3CF6C17F1E {/273EFE866324.../}}" prevotes="VoteSet{H:8 R:2 T:1 +2/3:AD3CF6C17F1E79EEAED38FDBFA7E0E4DCFFBFDE6:1:36EAF176EB13 BA{4:XXX_} map[]}"
I[02-23|17:55:47.901] enterPrecommit(8/2). Current: 8/2/RoundStepPrevote module=consensus 
I[02-23|17:55:47.901] enterPrecommit: +2/3 prevoted proposal block. Locking module=consensus hash=AD3CF6C17F1E79EEAED38FDBFA7E0E4DCFFBFDE6
I[02-23|17:55:47.988] Signed and pushed vote                       module=consensus height=8 round=2 vote="Vote{1:5BB83C055C3B 8/02/2(Precommit) AD3CF6C17F1E {/D671EE937F07.../}}" err=null
I[02-23|17:55:48.175] Added to prevote                             module=consensus vote="Vote{3:FB84A36F5EEE 8/02/1(Prevote) AD3CF6C17F1E {/91DDFC3F9815.../}}" prevotes="VoteSet{H:8 R:2 T:1 +2/3:AD3CF6C17F1E79EEAED38FDBFA7E0E4DCFFBFDE6:1:36EAF176EB13 BA{4:XXXX} map[]}"
I[02-23|17:55:48.258] Added to precommit                           module=consensus vote="Vote{1:5BB83C055C3B 8/02/2(Precommit) AD3CF6C17F1E {/D671EE937F07.../}}" precommits="VoteSet{H:8 R:2 T:2 +2/3:<nil> BA{4:_X__} map[]}"
I[02-23|17:55:48.515] Added to precommit                           module=consensus vote="Vote{2:BC977FC69072 8/02/2(Precommit) AD3CF6C17F1E {/1203E7925E71.../}}" precommits="VoteSet{H:8 R:2 T:2 +2/3:<nil> BA{4:_XX_} map[]}"
I[02-23|17:55:48.674] Added to precommit                           module=consensus vote="Vote{0:4DC7C72DB6D7 8/02/2(Precommit) AD3CF6C17F1E {/21998A7B4DBC.../}}" precommits="VoteSet{H:8 R:2 T:2 +2/3:AD3CF6C17F1E79EEAED38FDBFA7E0E4DCFFBFDE6:1:36EAF176EB13 BA{4:XXX_} map[]}"
I[02-23|17:55:48.674] enterCommit(8/2). Current: 8/2/RoundStepPrecommit module=consensus 
I[02-23|17:55:48.759] Finalizing commit of block with 0 txs        module=consensus height=8 hash=AD3CF6C17F1E79EEAED38FDBFA7E0E4DCFFBFDE6 root=BA76B9420EA4A0281D9EDC5C6996485F9F33AB94ECCCC7F5F7A36F220DC319F6
I[02-23|17:55:48.760] Block{
  Header{
    ChainID:        chain-9sFObL
    Height:         8
    Time:           2018-02-23 17:55:46.015 +0000 UTC
    NumTxs:         0
    LastBlockID:    1F74CB3AF56E650FE0A256B123A61C2F40853040:1:A0D28D0FFBAA
    LastCommit:     10945C516AC452F8BE44290D8611D47C38B15D5A
    Data:           
    Validators:     2FD20CFFA72ABA37E256E2ED72900C076E460FC9
    App:            BA76B9420EA4A0281D9EDC5C6996485F9F33AB94ECCCC7F5F7A36F220DC319F6
  }#AD3CF6C17F1E79EEAED38FDBFA7E0E4DCFFBFDE6
  Data{
    
  }#
  Commit{
    BlockID:    1F74CB3AF56E650FE0A256B123A61C2F40853040:1:A0D28D0FFBAA
    Precommits: Vote{0:4DC7C72DB6D7 7/00/2(Precommit) 1F74CB3AF56E {/321A7D756B01.../}}
    Vote{1:5BB83C055C3B 7/00/2(Precommit) 1F74CB3AF56E {/6F8889B0CD2B.../}}
    Vote{2:BC977FC69072 7/00/2(Precommit) 1F74CB3AF56E {/DDA4959A5B18.../}}
    nil-Vote
  }#10945C516AC452F8BE44290D8611D47C38B15D5A
}#AD3CF6C17F1E79EEAED38FDBFA7E0E4DCFFBFDE6 module=consensus 
I[02-23|17:55:49.085] Executed block                               module=state height=8 validTxs=0 invalidTxs=0
I[02-23|17:55:49.168] Committed state                              module=state height=8 txs=0 hash=9FFAE3EDF98242744350E5EB9608AFD32CFF931E25F463F5F94C59A39935D9E6
I[02-23|17:55:49.168] Recheck txs                                  module=mempool numtxs=0 height=8
I[02-23|17:55:49.673] Added to lastPrecommits: VoteSet{H:8 R:2 T:2 +2/3:AD3CF6C17F1E79EEAED38FDBFA7E0E4DCFFBFDE6:1:36EAF176EB13 BA{4:XXXX} map[]} module=consensus 
I[02-23|17:55:49.674] Timed out                                    module=consensus dur=192.208621ms height=9 round=0 step=RoundStepNewHeight
I[02-23|17:55:49.876] enterNewRound(9/0). Current: 9/0/RoundStepNewHeight module=consensus 
I[02-23|17:55:49.876] enterPropose(9/0). Current: 9/0/RoundStepNewRound module=consensus 
I[02-23|17:55:49.876] enterPropose: Not our turn to propose        module=consensus proposer=4DC7C72DB6D715A890618313D423F6744FFDE7A8 privValidator="PrivValidator{5BB83C055C3B5D20CF2BCEB801617B1F3F461BA7 LH:8, LR:2, LS:3}"
I[02-23|17:55:52.877] Timed out                                    module=consensus dur=3s height=9 round=0 step=RoundStepPropose
I[02-23|17:55:52.924] enterPrevote(9/0). Current: 9/0/RoundStepPropose module=consensus 
I[02-23|17:55:52.924] enterPrevote: ProposalBlock is nil           module=consensus height=9 round=0
I[02-23|17:55:52.990] Signed and pushed vote                       module=consensus height=9 round=0 vote="Vote{1:5BB83C055C3B 9/00/1(Prevote) 000000000000 {/693216C9AD2A.../}}" err=null
I[02-23|17:55:53.058] Added to prevote                             module=consensus vote="Vote{0:4DC7C72DB6D7 9/00/1(Prevote) 000000000000 {/7C238803C495.../}}" prevotes="VoteSet{H:9 R:0 T:1 +2/3:<nil> BA{4:X___} map[]}"
I[02-23|17:55:53.108] Added to prevote                             module=consensus vote="Vote{1:5BB83C055C3B 9/00/1(Prevote) 000000000000 {/693216C9AD2A.../}}" prevotes="VoteSet{H:9 R:0 T:1 +2/3:<nil> BA{4:XX__} map[]}"
I[02-23|17:55:54.048] Added to prevote                             module=consensus vote="Vote{3:FB84A36F5EEE 9/00/1(Prevote) 000000000000 {/30217CB808E2.../}}" prevotes="VoteSet{H:9 R:0 T:1 +2/3::0:000000000000 BA{4:XX_X} map[]}"
I[02-23|17:55:54.048] enterPrecommit(9/0). Current: 9/0/RoundStepPrevote module=consensus 
I[02-23|17:55:54.048] enterPrecommit: +2/3 prevoted for nil.       module=consensus 
I[02-23|17:55:54.189] Signed and pushed vote                       module=consensus height=9 round=0 vote="Vote{1:5BB83C055C3B 9/00/2(Precommit) 000000000000 {/DF7985FEA4D5.../}}" err=null
I[02-23|17:55:54.367] Added to prevote                             module=consensus vote="Vote{2:BC977FC69072 9/00/1(Prevote) 000000000000 {/DC74D2FF899D.../}}" prevotes="VoteSet{H:9 R:0 T:1 +2/3::0:000000000000 BA{4:XXXX} map[F4346728780CCA5A37C6E25644BDC505232E81C68F89C23869E9AA4A8A56F6FD::0:000000000000 F563FCBEEA8195365AE08D39FBB03F9FC8F87EE91DFB25B79F691B14F49B37E6::0:000000000000]}"
I[02-23|17:55:54.417] Added to precommit                           module=consensus vote="Vote{3:FB84A36F5EEE 9/00/2(Precommit) 000000000000 {/4576242908E4.../}}" precommits="VoteSet{H:9 R:0 T:2 +2/3:<nil> BA{4:___X} map[]}"
I[02-23|17:55:54.468] Added to precommit                           module=consensus vote="Vote{1:5BB83C055C3B 9/00/2(Precommit) 000000000000 {/DF7985FEA4D5.../}}" precommits="VoteSet{H:9 R:0 T:2 +2/3:<nil> BA{4:_X_X} map[]}"
I[02-23|17:55:54.534] Added to precommit                           module=consensus vote="Vote{2:BC977FC69072 9/00/2(Precommit) 000000000000 {/0ED0EB03DD40.../}}" precommits="VoteSet{H:9 R:0 T:2 +2/3::0:000000000000 BA{4:_XXX} map[]}"
I[02-23|17:55:54.534] enterNewRound(9/1). Current: 9/0/RoundStepPrecommit module=consensus 
I[02-23|17:55:54.534] enterPropose(9/1). Current: 9/1/RoundStepNewRound module=consensus 
I[02-23|17:55:54.534] enterPropose: Our turn to propose            module=consensus proposer=5BB83C055C3B5D20CF2BCEB801617B1F3F461BA7 privValidator="PrivValidator{5BB83C055C3B5D20CF2BCEB801617B1F3F461BA7 LH:9, LR:0, LS:3}"
I[02-23|17:55:54.609] Signed proposal                              module=consensus height=9 round=1 proposal="Proposal{9/1 1:5020517BA965 (0,:0:000000000000) {/0FBA47CAF013.../}}"
I[02-23|17:55:54.859] Received complete proposal block             module=consensus height=9 hash=31E918ECA76F41D63620A387AE0593AE0C687288
I[02-23|17:55:54.860] enterPrevote(9/1). Current: 9/1/RoundStepPropose module=consensus 
I[02-23|17:55:54.862] enterPrevote: ProposalBlock is valid         module=consensus height=9 round=1
I[02-23|17:55:55.001] Signed and pushed vote                       module=consensus height=9 round=1 vote="Vote{1:5BB83C055C3B 9/01/1(Prevote) 31E918ECA76F {/86219CC0AACE.../}}" err=null
I[02-23|17:55:55.094] Added to prevote                             module=consensus vote="Vote{1:5BB83C055C3B 9/01/1(Prevote) 31E918ECA76F {/86219CC0AACE.../}}" prevotes="VoteSet{H:9 R:1 T:1 +2/3:<nil> BA{4:_X__} map[]}"
I[02-23|17:55:55.317] Added to precommit                           module=consensus vote="Vote{0:4DC7C72DB6D7 9/00/2(Precommit) 000000000000 {/4948AE316812.../}}" precommits="VoteSet{H:9 R:0 T:2 +2/3::0:000000000000 BA{4:XXXX} map[]}"
I[02-23|17:55:55.703] Added to prevote                             module=consensus vote="Vote{0:4DC7C72DB6D7 9/01/1(Prevote) 31E918ECA76F {/8AF221A9ACF3.../}}" prevotes="VoteSet{H:9 R:1 T:1 +2/3:<nil> BA{4:XX__} map[]}"
I[02-23|17:55:55.777] Added to prevote                             module=consensus vote="Vote{2:BC977FC69072 9/01/1(Prevote) 31E918ECA76F {/EAD15CD8CF24.../}}" prevotes="VoteSet{H:9 R:1 T:1 +2/3:31E918ECA76F41D63620A387AE0593AE0C687288:1:5020517BA965 BA{4:XXX_} map[]}"
I[02-23|17:55:55.777] enterPrecommit(9/1). Current: 9/1/RoundStepPrevote module=consensus 
I[02-23|17:55:55.778] enterPrecommit: +2/3 prevoted proposal block. Locking module=consensus hash=31E918ECA76F41D63620A387AE0593AE0C687288
I[02-23|17:55:55.860] Signed and pushed vote                       module=consensus height=9 round=1 vote="Vote{1:5BB83C055C3B 9/01/2(Precommit) 31E918ECA76F {/0D9EE6B304D5.../}}" err=null
I[02-23|17:55:56.018] Added to precommit                           module=consensus vote="Vote{1:5BB83C055C3B 9/01/2(Precommit) 31E918ECA76F {/0D9EE6B304D5.../}}" precommits="VoteSet{H:9 R:1 T:2 +2/3:<nil> BA{4:_X__} map[]}"
I[02-23|17:55:56.126] Added to prevote                             module=consensus vote="Vote{3:FB84A36F5EEE 9/01/1(Prevote) 31E918ECA76F {/35D18009C524.../}}" prevotes="VoteSet{H:9 R:1 T:1 +2/3:31E918ECA76F41D63620A387AE0593AE0C687288:1:5020517BA965 BA{4:XXXX} map[]}"
I[02-23|17:55:56.572] Added to precommit                           module=consensus vote="Vote{3:FB84A36F5EEE 9/01/2(Precommit) 31E918ECA76F {/ABDADF7DF12E.../}}" precommits="VoteSet{H:9 R:1 T:2 +2/3:<nil> BA{4:_X_X} map[]}"
I[02-23|17:55:56.722] Added to precommit                           module=consensus vote="Vote{2:BC977FC69072 9/01/2(Precommit) 31E918ECA76F {/9C496A514C48.../}}" precommits="VoteSet{H:9 R:1 T:2 +2/3:31E918ECA76F41D63620A387AE0593AE0C687288:1:5020517BA965 BA{4:_XXX} map[]}"
I[02-23|17:55:56.722] enterCommit(9/1). Current: 9/1/RoundStepPrecommit module=consensus 
I[02-23|17:55:56.800] Finalizing commit of block with 0 txs        module=consensus height=9 hash=31E918ECA76F41D63620A387AE0593AE0C687288 root=9FFAE3EDF98242744350E5EB9608AFD32CFF931E25F463F5F94C59A39935D9E6
I[02-23|17:55:56.801] Block{
  Header{
    ChainID:        chain-9sFObL
    Height:         9
    Time:           2018-02-23 17:55:54.535 +0000 UTC
    NumTxs:         0
    LastBlockID:    AD3CF6C17F1E79EEAED38FDBFA7E0E4DCFFBFDE6:1:36EAF176EB13
    LastCommit:     5F9445D902B6A4C6A0606A343D363B731346757F
    Data:           
    Validators:     2FD20CFFA72ABA37E256E2ED72900C076E460FC9
    App:            9FFAE3EDF98242744350E5EB9608AFD32CFF931E25F463F5F94C59A39935D9E6
  }#31E918ECA76F41D63620A387AE0593AE0C687288
  Data{
    
  }#
  Commit{
    BlockID:    AD3CF6C17F1E79EEAED38FDBFA7E0E4DCFFBFDE6:1:36EAF176EB13
    Precommits: Vote{0:4DC7C72DB6D7 8/02/2(Precommit) AD3CF6C17F1E {/21998A7B4DBC.../}}
    Vote{1:5BB83C055C3B 8/02/2(Precommit) AD3CF6C17F1E {/D671EE937F07.../}}
    Vote{2:BC977FC69072 8/02/2(Precommit) AD3CF6C17F1E {/1203E7925E71.../}}
    Vote{3:FB84A36F5EEE 8/02/2(Precommit) AD3CF6C17F1E {/EF5AC697413A.../}}
  }#5F9445D902B6A4C6A0606A343D363B731346757F
}#31E918ECA76F41D63620A387AE0593AE0C687288 module=consensus 
I[02-23|17:55:57.067] Executed block                               module=state height=9 validTxs=0 invalidTxs=0
I[02-23|17:55:57.148] Committed state                              module=state height=9 txs=0 hash=EDE1C287B6EA5EEAF74AAC8AB52756A58E478FBD73A5661E563AD43B6430DCEB
I[02-23|17:55:57.149] Recheck txs                                  module=mempool numtxs=0 height=9
I[02-23|17:55:57.489] Added to lastPrecommits: VoteSet{H:9 R:1 T:2 +2/3:31E918ECA76F41D63620A387AE0593AE0C687288:1:5020517BA965 BA{4:XXXX} map[]} module=consensus 
I[02-23|17:55:57.723] Timed out                                    module=consensus dur=315.538491ms height=10 round=0 step=RoundStepNewHeight
I[02-23|17:55:57.816] enterNewRound(10/0). Current: 10/0/RoundStepNewHeight module=consensus 
I[02-23|17:55:57.816] enterPropose(10/0). Current: 10/0/RoundStepNewRound module=consensus 
I[02-23|17:55:57.816] enterPropose: Our turn to propose            module=consensus proposer=5BB83C055C3B5D20CF2BCEB801617B1F3F461BA7 privValidator="PrivValidator{5BB83C055C3B5D20CF2BCEB801617B1F3F461BA7 LH:9, LR:1, LS:3}"
I[02-23|17:55:57.896] Signed proposal                              module=consensus height=10 round=0 proposal="Proposal{10/0 1:7EE54EF051F4 (-1,:0:000000000000) {/DA6C4D3CCC3B.../}}"
I[02-23|17:55:58.287] Received complete proposal block             module=consensus height=10 hash=E1E539C2A523DA65D8BB0E6AD49AFFD2C7AD9CBD
I[02-23|17:55:58.287] enterPrevote(10/0). Current: 10/0/RoundStepPropose module=consensus 
I[02-23|17:55:58.291] enterPrevote: ProposalBlock is valid         module=consensus height=10 round=0
I[02-23|17:55:58.379] Signed and pushed vote                       module=consensus height=10 round=0 vote="Vote{1:5BB83C055C3B 10/00/1(Prevote) E1E539C2A523 {/3ABCAFB25CA3.../}}" err=null
I[02-23|17:55:58.897] Added to prevote                             module=consensus vote="Vote{1:5BB83C055C3B 10/00/1(Prevote) E1E539C2A523 {/3ABCAFB25CA3.../}}" prevotes="VoteSet{H:10 R:0 T:1 +2/3:<nil> BA{4:_X__} map[]}"
I[02-23|17:55:59.521] Added to prevote                             module=consensus vote="Vote{3:FB84A36F5EEE 10/00/1(Prevote) E1E539C2A523 {/20C6C4C72B37.../}}" prevotes="VoteSet{H:10 R:0 T:1 +2/3:<nil> BA{4:_X_X} map[]}"
I[02-23|17:55:59.796] Added to prevote                             module=consensus vote="Vote{0:4DC7C72DB6D7 10/00/1(Prevote) E1E539C2A523 {/929A19A2C77F.../}}" prevotes="VoteSet{H:10 R:0 T:1 +2/3:E1E539C2A523DA65D8BB0E6AD49AFFD2C7AD9CBD:1:7EE54EF051F4 BA{4:XX_X} map[]}"
I[02-23|17:55:59.796] enterPrecommit(10/0). Current: 10/0/RoundStepPrevote module=consensus 
I[02-23|17:55:59.796] enterPrecommit: +2/3 prevoted proposal block. Locking module=consensus hash=E1E539C2A523DA65D8BB0E6AD49AFFD2C7AD9CBD
I[02-23|17:55:59.896] Signed and pushed vote                       module=consensus height=10 round=0 vote="Vote{1:5BB83C055C3B 10/00/2(Precommit) E1E539C2A523 {/9F8E9F60DC41.../}}" err=null
I[02-23|17:56:00.064] Added to precommit                           module=consensus vote="Vote{1:5BB83C055C3B 10/00/2(Precommit) E1E539C2A523 {/9F8E9F60DC41.../}}" precommits="VoteSet{H:10 R:0 T:2 +2/3:<nil> BA{4:_X__} map[]}"
