TRACE[02-23|17:54:44] Started watching keystore folder         path=/root/ethermint/keystore
DEBUG[02-23|17:54:44] Reloaded keystore contents               accounts=2
DEBUG[02-23|17:54:44] Reloaded keystore contents               accounts=2
DEBUG[02-23|17:54:44] Reloaded keystore contents               accounts=2
INFO [02-23|17:54:44] Starting peer-to-peer node               instance=ethermint/v1.6.7-stable/linux-amd64/go1.8.3
INFO [02-23|17:54:44] Allocated cache and file handles         database=/root/ethermint/ethermint/chaindata cache=128 handles=1024
WARN [02-23|17:54:44] Upgrading chain database to use sequential keys 
INFO [02-23|17:54:44] Database conversion successful 
INFO [02-23|17:54:44] Initialised chain configuration          config="{ChainID: 15 Homestead: 0 DAO: <nil> DAOSupport: false EIP150: <nil> EIP155: 0 EIP158: 0 Metropolis: <nil> Engine: unknown}"
WARN [02-23|17:54:44] Ethash used in fake mode 
WARN [02-23|17:54:44] Upgrading db log bloom bins 
INFO [02-23|17:54:44] Bloom-bin upgrade completed              elapsed=675.649µs
INFO [02-23|17:54:44] Initialising Ethereum protocol           versions="[63 62]" network=1
INFO [02-23|17:54:44] Loaded most recent local header          number=0 hash=17f2bd…53a2fb td=64
INFO [02-23|17:54:44] Loaded most recent local full block      number=0 hash=17f2bd…53a2fb td=64
INFO [02-23|17:54:44] Loaded most recent local fast block      number=0 hash=17f2bd…53a2fb td=64
INFO [02-23|17:54:44] Starting P2P networking 
DEBUG[02-23|17:54:44] Recalculated downloader QoS values       rtt=20s confidence=1.000 ttl=1m0s
INFO [02-23|17:54:44] RLPx listener up                         self="enode://99f9ea4d8d673cbe3b21e4802ce21ec505f3ef8309cd9db07a0847a05e9f85d00e6ea66b8550351d2005e917fbc1a60334845a796c9495152221956fbb847cc3@[::]:30303?discport=0"
DEBUG[02-23|17:54:44] InProc registered *node.PrivateAdminAPI under 'admin' 
DEBUG[02-23|17:54:44] InProc registered *node.PublicAdminAPI under 'admin' 
DEBUG[02-23|17:54:44] InProc registered *debug.HandlerT under 'debug' 
DEBUG[02-23|17:54:44] InProc registered *node.PublicDebugAPI under 'debug' 
DEBUG[02-23|17:54:44] InProc registered *node.PublicWeb3API under 'web3' 
DEBUG[02-23|17:54:44] InProc registered *ethapi.PublicEthereumAPI under 'eth' 
DEBUG[02-23|17:54:44] InProc registered *ethapi.PublicBlockChainAPI under 'eth' 
DEBUG[02-23|17:54:44] InProc registered *ethapi.PublicTransactionPoolAPI under 'eth' 
DEBUG[02-23|17:54:44] InProc registered *ethapi.PublicTxPoolAPI under 'txpool' 
DEBUG[02-23|17:54:44] InProc registered *ethapi.PublicDebugAPI under 'debug' 
INFO [02-23|17:54:44] Waiting for tendermint endpoint to start err="Post http://172.57.100.101:46657/status: dial tcp 172.57.100.101:46657: getsockopt: connection refused"
DEBUG[02-23|17:54:44] InProc registered *ethapi.PrivateDebugAPI under 'debug' 
DEBUG[02-23|17:54:44] InProc registered *ethapi.PublicAccountAPI under 'eth' 
DEBUG[02-23|17:54:44] InProc registered *ethapi.PrivateAccountAPI under 'personal' 
DEBUG[02-23|17:54:44] InProc registered *eth.PublicEthereumAPI under 'eth' 
DEBUG[02-23|17:54:44] InProc registered *downloader.PublicDownloaderAPI under 'eth' 
DEBUG[02-23|17:54:44] InProc registered *filters.PublicFilterAPI under 'eth' 
DEBUG[02-23|17:54:44] InProc registered *eth.PrivateAdminAPI under 'admin' 
DEBUG[02-23|17:54:44] InProc registered *eth.PublicDebugAPI under 'debug' 
DEBUG[02-23|17:54:44] InProc registered *eth.PrivateDebugAPI under 'debug' 
DEBUG[02-23|17:54:44] InProc registered *ethereum.NetRPCService under 'net' 
DEBUG[02-23|17:54:44] IPC registered *node.PrivateAdminAPI under 'admin' 
DEBUG[02-23|17:54:44] IPC registered *node.PublicAdminAPI under 'admin' 
DEBUG[02-23|17:54:44] IPC registered *debug.HandlerT under 'debug' 
DEBUG[02-23|17:54:44] IPC registered *node.PublicDebugAPI under 'debug' 
DEBUG[02-23|17:54:44] IPC registered *node.PublicWeb3API under 'web3' 
DEBUG[02-23|17:54:44] IPC registered *ethapi.PublicEthereumAPI under 'eth' 
DEBUG[02-23|17:54:44] IPC registered *ethapi.PublicBlockChainAPI under 'eth' 
DEBUG[02-23|17:54:44] IPC registered *ethapi.PublicTransactionPoolAPI under 'eth' 
DEBUG[02-23|17:54:44] IPC registered *ethapi.PublicTxPoolAPI under 'txpool' 
DEBUG[02-23|17:54:44] IPC registered *ethapi.PublicDebugAPI under 'debug' 
DEBUG[02-23|17:54:44] IPC registered *ethapi.PrivateDebugAPI under 'debug' 
DEBUG[02-23|17:54:44] IPC registered *ethapi.PublicAccountAPI under 'eth' 
DEBUG[02-23|17:54:44] IPC registered *ethapi.PrivateAccountAPI under 'personal' 
DEBUG[02-23|17:54:44] IPC registered *eth.PublicEthereumAPI under 'eth' 
DEBUG[02-23|17:54:44] IPC registered *downloader.PublicDownloaderAPI under 'eth' 
DEBUG[02-23|17:54:44] IPC registered *filters.PublicFilterAPI under 'eth' 
DEBUG[02-23|17:54:44] IPC registered *eth.PrivateAdminAPI under 'admin' 
DEBUG[02-23|17:54:44] IPC registered *eth.PublicDebugAPI under 'debug' 
DEBUG[02-23|17:54:44] IPC registered *eth.PrivateDebugAPI under 'debug' 
DEBUG[02-23|17:54:44] IPC registered *ethereum.NetRPCService under 'net' 
INFO [02-23|17:54:44] IPC endpoint opened: /root/ethermint/geth.ipc 
DEBUG[02-23|17:54:44] HTTP registered *node.PrivateAdminAPI under 'admin' 
DEBUG[02-23|17:54:44] HTTP registered *node.PublicAdminAPI under 'admin' 
DEBUG[02-23|17:54:44] HTTP registered *node.PublicWeb3API under 'web3' 
DEBUG[02-23|17:54:44] HTTP registered *ethapi.PublicEthereumAPI under 'eth' 
DEBUG[02-23|17:54:44] HTTP registered *ethapi.PublicBlockChainAPI under 'eth' 
DEBUG[02-23|17:54:44] HTTP registered *ethapi.PublicTransactionPoolAPI under 'eth' 
DEBUG[02-23|17:54:44] HTTP registered *ethapi.PublicAccountAPI under 'eth' 
DEBUG[02-23|17:54:44] HTTP registered *ethapi.PrivateAccountAPI under 'personal' 
DEBUG[02-23|17:54:44] HTTP registered *eth.PublicEthereumAPI under 'eth' 
DEBUG[02-23|17:54:44] HTTP registered *downloader.PublicDownloaderAPI under 'eth' 
DEBUG[02-23|17:54:44] HTTP registered *filters.PublicFilterAPI under 'eth' 
DEBUG[02-23|17:54:44] HTTP registered *eth.PrivateAdminAPI under 'admin' 
DEBUG[02-23|17:54:44] HTTP registered *ethereum.NetRPCService under 'net' 
INFO [02-23|17:54:44] HTTP endpoint opened: http://0.0.0.0:8545 
DEBUG[02-23|17:54:44] WebSocket registered *node.PublicWeb3API under 'web3' 
DEBUG[02-23|17:54:44] WebSocket registered *ethapi.PublicEthereumAPI under 'eth' 
DEBUG[02-23|17:54:44] WebSocket registered *ethapi.PublicBlockChainAPI under 'eth' 
DEBUG[02-23|17:54:44] WebSocket registered *ethapi.PublicTransactionPoolAPI under 'eth' 
DEBUG[02-23|17:54:44] WebSocket registered *ethapi.PublicAccountAPI under 'eth' 
DEBUG[02-23|17:54:44] WebSocket registered *eth.PublicEthereumAPI under 'eth' 
DEBUG[02-23|17:54:44] WebSocket registered *downloader.PublicDownloaderAPI under 'eth' 
DEBUG[02-23|17:54:44] WebSocket registered *filters.PublicFilterAPI under 'eth' 
DEBUG[02-23|17:54:44] WebSocket registered *ethereum.NetRPCService under 'net' 
DEBUG[02-23|17:54:44] Allowed origin(s) for WS RPC interface [http://cfa80c708f3e http://localhost]
 
INFO [02-23|17:54:44] WebSocket endpoint opened: ws://0.0.0.0:8546 
TRACE[02-23|17:54:44] P2P networking is spinning down 
DEBUG[02-23|17:54:44] Read error                               err="accept tcp [::]:30303: use of closed network connection"
DEBUG[02-23|17:54:46] Couldn't add port mapping                proto=tcp extport=30303 intport=30303 interface="UPnP or NAT-PMP" err="no UPnP or NAT-PMP router discovered"
DEBUG[02-23|17:54:46] Deleting port mapping                    proto=tcp extport=30303 intport=30303 interface="UPnP or NAT-PMP"
INFO [02-23|17:54:46] Starting ABCIServer                      module=abci-server impl=ABCIServer
INFO [02-23|17:54:46] Waiting for new connection...            module=abci-server
INFO [02-23|17:54:47] Accepted a new connection                module=abci-server
INFO [02-23|17:54:47] Waiting for new connection...            module=abci-server
INFO [02-23|17:54:47] Accepted a new connection                module=abci-server
INFO [02-23|17:54:47] Waiting for new connection...            module=abci-server
INFO [02-23|17:54:47] Waiting for tendermint endpoint to start err="Post http://172.57.100.101:46657/status: dial tcp 172.57.100.101:46657: getsockopt: connection refused"
INFO [02-23|17:54:47] Accepted a new connection                module=abci-server
INFO [02-23|17:54:47] Waiting for new connection...            module=abci-server
DEBUG[02-23|17:54:47] Info                                     module=ethermint   height=0
DEBUG[02-23|17:54:47] InitChain                                module=ethermint
DEBUG[02-23|17:54:59] BeginBlock                               module=ethermint
DEBUG[02-23|17:54:59] EndBlock                                 module=ethermint   height=1
DEBUG[02-23|17:54:59] Commit                                   module=ethermint
DEBUG[02-23|17:54:59] Trie cache stats after commit            misses=5 unloads=0
DEBUG[02-23|17:54:59] Trie cache stats after commit            misses=6 unloads=0
DEBUG[02-23|17:54:59] Inserted new block                       number=1 hash=64f973…01a47f uncles=0 txs=0 gas=0 elapsed=1.294ms
INFO [02-23|17:54:59] Imported new chain segment               blocks=1 txs=0 mgas=0.000 elapsed=1.594ms   mgasps=0.000 number=1 hash=64f973…01a47f
DEBUG[02-23|17:55:03] BeginBlock                               module=ethermint
DEBUG[02-23|17:55:03] EndBlock                                 module=ethermint   height=2
DEBUG[02-23|17:55:03] Commit                                   module=ethermint
DEBUG[02-23|17:55:03] Trie cache stats after commit            misses=6 unloads=0
DEBUG[02-23|17:55:03] Trie cache stats after commit            misses=6 unloads=0
DEBUG[02-23|17:55:03] Inserted new block                       number=2 hash=c0fa38…e1c6e2 uncles=0 txs=0 gas=0 elapsed=1.119ms
INFO [02-23|17:55:03] Imported new chain segment               blocks=1 txs=0 mgas=0.000 elapsed=1.331ms   mgasps=0.000 number=2 hash=c0fa38…e1c6e2
DEBUG[02-23|17:55:04] Recalculated downloader QoS values       rtt=20s confidence=1.000 ttl=1m0s
DEBUG[02-23|17:55:07] BeginBlock                               module=ethermint
DEBUG[02-23|17:55:07] EndBlock                                 module=ethermint   height=3
DEBUG[02-23|17:55:08] Commit                                   module=ethermint
DEBUG[02-23|17:55:08] Trie cache stats after commit            misses=6 unloads=0
DEBUG[02-23|17:55:08] Trie cache stats after commit            misses=6 unloads=0
DEBUG[02-23|17:55:08] Inserted new block                       number=3 hash=6a4929…f7dccf uncles=0 txs=0 gas=0 elapsed=1.434ms
INFO [02-23|17:55:08] Imported new chain segment               blocks=1 txs=0 mgas=0.000 elapsed=1.675ms   mgasps=0.000 number=3 hash=6a4929…f7dccf
DEBUG[02-23|17:55:21] BeginBlock                               module=ethermint
DEBUG[02-23|17:55:21] EndBlock                                 module=ethermint   height=4
DEBUG[02-23|17:55:21] Commit                                   module=ethermint
DEBUG[02-23|17:55:21] Trie cache stats after commit            misses=6 unloads=0
DEBUG[02-23|17:55:21] Trie cache stats after commit            misses=6 unloads=0
DEBUG[02-23|17:55:21] Inserted new block                       number=4 hash=e00d83…fe70bd uncles=0 txs=0 gas=0 elapsed=411.342µs
INFO [02-23|17:55:21] Imported new chain segment               blocks=1 txs=0 mgas=0.000 elapsed=488.673µs mgasps=0.000 number=4 hash=e00d83…fe70bd
DEBUG[02-23|17:55:24] Recalculated downloader QoS values       rtt=20s confidence=1.000 ttl=1m0s
DEBUG[02-23|17:55:28] BeginBlock                               module=ethermint
DEBUG[02-23|17:55:28] EndBlock                                 module=ethermint   height=5
DEBUG[02-23|17:55:28] Commit                                   module=ethermint
DEBUG[02-23|17:55:28] Trie cache stats after commit            misses=6 unloads=0
DEBUG[02-23|17:55:28] Trie cache stats after commit            misses=6 unloads=0
DEBUG[02-23|17:55:28] Inserted new block                       number=5 hash=481849…89dcc7 uncles=0 txs=0 gas=0 elapsed=1.242ms
INFO [02-23|17:55:28] Imported new chain segment               blocks=1 txs=0 mgas=0.000 elapsed=1.514ms   mgasps=0.000 number=5 hash=481849…89dcc7
DEBUG[02-23|17:55:32] BeginBlock                               module=ethermint
DEBUG[02-23|17:55:32] EndBlock                                 module=ethermint   height=6
DEBUG[02-23|17:55:32] Commit                                   module=ethermint
DEBUG[02-23|17:55:32] Trie cache stats after commit            misses=6 unloads=0
DEBUG[02-23|17:55:32] Trie cache stats after commit            misses=6 unloads=0
DEBUG[02-23|17:55:32] Inserted new block                       number=6 hash=86b4c5…0caef4 uncles=0 txs=0 gas=0 elapsed=1.270ms
INFO [02-23|17:55:32] Imported new chain segment               blocks=1 txs=0 mgas=0.000 elapsed=1.509ms   mgasps=0.000 number=6 hash=86b4c5…0caef4
DEBUG[02-23|17:55:35] BeginBlock                               module=ethermint
DEBUG[02-23|17:55:35] EndBlock                                 module=ethermint   height=7
DEBUG[02-23|17:55:35] Commit                                   module=ethermint
DEBUG[02-23|17:55:35] Trie cache stats after commit            misses=6 unloads=0
DEBUG[02-23|17:55:35] Trie cache stats after commit            misses=6 unloads=0
DEBUG[02-23|17:55:35] Inserted new block                       number=7 hash=ba76b9…c319f6 uncles=0 txs=0 gas=0 elapsed=1.224ms
INFO [02-23|17:55:35] Imported new chain segment               blocks=1 txs=0 mgas=0.000 elapsed=1.478ms   mgasps=0.000 number=7 hash=ba76b9…c319f6
DEBUG[02-23|17:55:44] Recalculated downloader QoS values       rtt=20s confidence=1.000 ttl=1m0s
DEBUG[02-23|17:55:49] BeginBlock                               module=ethermint
DEBUG[02-23|17:55:49] EndBlock                                 module=ethermint   height=8
DEBUG[02-23|17:55:49] Commit                                   module=ethermint
DEBUG[02-23|17:55:49] Trie cache stats after commit            misses=6 unloads=0
DEBUG[02-23|17:55:49] Trie cache stats after commit            misses=6 unloads=0
DEBUG[02-23|17:55:49] Inserted new block                       number=8 hash=9ffae3…35d9e6 uncles=0 txs=0 gas=0 elapsed=1.141ms
INFO [02-23|17:55:49] Imported new chain segment               blocks=1 txs=0 mgas=0.000 elapsed=1.438ms   mgasps=0.000 number=8 hash=9ffae3…35d9e6
DEBUG[02-23|17:55:57] BeginBlock                               module=ethermint
DEBUG[02-23|17:55:57] EndBlock                                 module=ethermint   height=9
DEBUG[02-23|17:55:57] Commit                                   module=ethermint
DEBUG[02-23|17:55:57] Trie cache stats after commit            misses=6 unloads=0
DEBUG[02-23|17:55:57] Trie cache stats after commit            misses=6 unloads=0
DEBUG[02-23|17:55:57] Inserted new block                       number=9 hash=ede1c2…30dceb uncles=0 txs=0 gas=0 elapsed=1.372ms
INFO [02-23|17:55:57] Imported new chain segment               blocks=1 txs=0 mgas=0.000 elapsed=1.599ms   mgasps=0.000 number=9 hash=ede1c2…30dceb
