TRACE[02-23|17:54:45] Started watching keystore folder         path=/root/ethermint/keystore
DEBUG[02-23|17:54:45] Reloaded keystore contents               accounts=2
DEBUG[02-23|17:54:45] Reloaded keystore contents               accounts=2
DEBUG[02-23|17:54:45] Reloaded keystore contents               accounts=2
INFO [02-23|17:54:45] Starting peer-to-peer node               instance=ethermint/v1.6.7-stable/linux-amd64/go1.8.3
INFO [02-23|17:54:45] Allocated cache and file handles         database=/root/ethermint/ethermint/chaindata cache=128 handles=1024
WARN [02-23|17:54:45] Upgrading chain database to use sequential keys 
INFO [02-23|17:54:45] Initialised chain configuration          config="{ChainID: 15 Homestead: 0 DAO: <nil> DAOSupport: false EIP150: <nil> EIP155: 0 EIP158: 0 Metropolis: <nil> Engine: unknown}"
WARN [02-23|17:54:45] Ethash used in fake mode 
INFO [02-23|17:54:45] Database conversion successful 
WARN [02-23|17:54:45] Upgrading db log bloom bins 
INFO [02-23|17:54:45] Bloom-bin upgrade completed              elapsed=234.059µs
INFO [02-23|17:54:45] Initialising Ethereum protocol           versions="[63 62]" network=1
INFO [02-23|17:54:45] Loaded most recent local header          number=0 hash=17f2bd…53a2fb td=64
INFO [02-23|17:54:45] Loaded most recent local full block      number=0 hash=17f2bd…53a2fb td=64
INFO [02-23|17:54:45] Loaded most recent local fast block      number=0 hash=17f2bd…53a2fb td=64
INFO [02-23|17:54:45] Starting P2P networking 
DEBUG[02-23|17:54:45] Recalculated downloader QoS values       rtt=20s confidence=1.000 ttl=1m0s
INFO [02-23|17:54:45] RLPx listener up                         self="enode://fab3c10a3bc25c0cec5a3d3e36b89de5d1f9b22629328e8bb430630ca857c54e0396bc7619de489e900c246cdb5d9c7c1209ef14139eb2f80d4c683eb779e128@[::]:30303?discport=0"
DEBUG[02-23|17:54:45] InProc registered *node.PrivateAdminAPI under 'admin' 
DEBUG[02-23|17:54:45] InProc registered *node.PublicAdminAPI under 'admin' 
DEBUG[02-23|17:54:45] InProc registered *debug.HandlerT under 'debug' 
DEBUG[02-23|17:54:45] InProc registered *node.PublicDebugAPI under 'debug' 
DEBUG[02-23|17:54:45] InProc registered *node.PublicWeb3API under 'web3' 
DEBUG[02-23|17:54:45] InProc registered *ethapi.PublicEthereumAPI under 'eth' 
INFO [02-23|17:54:45] Waiting for tendermint endpoint to start err="Post http://172.57.100.102:46657/status: dial tcp 172.57.100.102:46657: getsockopt: connection refused"
DEBUG[02-23|17:54:45] InProc registered *ethapi.PublicBlockChainAPI under 'eth' 
DEBUG[02-23|17:54:45] InProc registered *ethapi.PublicTransactionPoolAPI under 'eth' 
DEBUG[02-23|17:54:45] InProc registered *ethapi.PublicTxPoolAPI under 'txpool' 
DEBUG[02-23|17:54:45] InProc registered *ethapi.PublicDebugAPI under 'debug' 
DEBUG[02-23|17:54:45] InProc registered *ethapi.PrivateDebugAPI under 'debug' 
DEBUG[02-23|17:54:45] InProc registered *ethapi.PublicAccountAPI under 'eth' 
DEBUG[02-23|17:54:45] InProc registered *ethapi.PrivateAccountAPI under 'personal' 
DEBUG[02-23|17:54:45] InProc registered *eth.PublicEthereumAPI under 'eth' 
DEBUG[02-23|17:54:45] InProc registered *downloader.PublicDownloaderAPI under 'eth' 
DEBUG[02-23|17:54:45] InProc registered *filters.PublicFilterAPI under 'eth' 
DEBUG[02-23|17:54:45] InProc registered *eth.PrivateAdminAPI under 'admin' 
DEBUG[02-23|17:54:45] InProc registered *eth.PublicDebugAPI under 'debug' 
DEBUG[02-23|17:54:45] InProc registered *eth.PrivateDebugAPI under 'debug' 
DEBUG[02-23|17:54:45] InProc registered *ethereum.NetRPCService under 'net' 
DEBUG[02-23|17:54:45] IPC registered *node.PrivateAdminAPI under 'admin' 
DEBUG[02-23|17:54:45] IPC registered *node.PublicAdminAPI under 'admin' 
DEBUG[02-23|17:54:45] IPC registered *debug.HandlerT under 'debug' 
DEBUG[02-23|17:54:45] IPC registered *node.PublicDebugAPI under 'debug' 
DEBUG[02-23|17:54:45] IPC registered *node.PublicWeb3API under 'web3' 
DEBUG[02-23|17:54:45] IPC registered *ethapi.PublicEthereumAPI under 'eth' 
DEBUG[02-23|17:54:45] IPC registered *ethapi.PublicBlockChainAPI under 'eth' 
DEBUG[02-23|17:54:45] IPC registered *ethapi.PublicTransactionPoolAPI under 'eth' 
DEBUG[02-23|17:54:45] IPC registered *ethapi.PublicTxPoolAPI under 'txpool' 
DEBUG[02-23|17:54:45] IPC registered *ethapi.PublicDebugAPI under 'debug' 
DEBUG[02-23|17:54:45] IPC registered *ethapi.PrivateDebugAPI under 'debug' 
DEBUG[02-23|17:54:45] IPC registered *ethapi.PublicAccountAPI under 'eth' 
DEBUG[02-23|17:54:45] IPC registered *ethapi.PrivateAccountAPI under 'personal' 
DEBUG[02-23|17:54:45] IPC registered *eth.PublicEthereumAPI under 'eth' 
DEBUG[02-23|17:54:45] IPC registered *downloader.PublicDownloaderAPI under 'eth' 
DEBUG[02-23|17:54:45] IPC registered *filters.PublicFilterAPI under 'eth' 
DEBUG[02-23|17:54:45] IPC registered *eth.PrivateAdminAPI under 'admin' 
DEBUG[02-23|17:54:45] IPC registered *eth.PublicDebugAPI under 'debug' 
DEBUG[02-23|17:54:45] IPC registered *eth.PrivateDebugAPI under 'debug' 
DEBUG[02-23|17:54:45] IPC registered *ethereum.NetRPCService under 'net' 
DEBUG[02-23|17:54:45] HTTP registered *node.PrivateAdminAPI under 'admin' 
INFO [02-23|17:54:45] IPC endpoint opened: /root/ethermint/geth.ipc 
DEBUG[02-23|17:54:45] HTTP registered *node.PublicAdminAPI under 'admin' 
DEBUG[02-23|17:54:45] HTTP registered *node.PublicWeb3API under 'web3' 
DEBUG[02-23|17:54:45] HTTP registered *ethapi.PublicEthereumAPI under 'eth' 
DEBUG[02-23|17:54:45] HTTP registered *ethapi.PublicBlockChainAPI under 'eth' 
DEBUG[02-23|17:54:45] HTTP registered *ethapi.PublicTransactionPoolAPI under 'eth' 
DEBUG[02-23|17:54:45] HTTP registered *ethapi.PublicAccountAPI under 'eth' 
DEBUG[02-23|17:54:45] HTTP registered *ethapi.PrivateAccountAPI under 'personal' 
DEBUG[02-23|17:54:45] HTTP registered *eth.PublicEthereumAPI under 'eth' 
DEBUG[02-23|17:54:45] HTTP registered *downloader.PublicDownloaderAPI under 'eth' 
DEBUG[02-23|17:54:45] HTTP registered *filters.PublicFilterAPI under 'eth' 
DEBUG[02-23|17:54:45] HTTP registered *eth.PrivateAdminAPI under 'admin' 
DEBUG[02-23|17:54:45] HTTP registered *ethereum.NetRPCService under 'net' 
INFO [02-23|17:54:45] HTTP endpoint opened: http://0.0.0.0:8545 
DEBUG[02-23|17:54:45] WebSocket registered *node.PublicWeb3API under 'web3' 
DEBUG[02-23|17:54:45] WebSocket registered *ethapi.PublicEthereumAPI under 'eth' 
DEBUG[02-23|17:54:45] WebSocket registered *ethapi.PublicBlockChainAPI under 'eth' 
DEBUG[02-23|17:54:45] WebSocket registered *ethapi.PublicTransactionPoolAPI under 'eth' 
DEBUG[02-23|17:54:45] WebSocket registered *ethapi.PublicAccountAPI under 'eth' 
DEBUG[02-23|17:54:45] WebSocket registered *eth.PublicEthereumAPI under 'eth' 
DEBUG[02-23|17:54:45] WebSocket registered *downloader.PublicDownloaderAPI under 'eth' 
DEBUG[02-23|17:54:45] WebSocket registered *filters.PublicFilterAPI under 'eth' 
DEBUG[02-23|17:54:45] WebSocket registered *ethereum.NetRPCService under 'net' 
DEBUG[02-23|17:54:45] Allowed origin(s) for WS RPC interface [http://localhost http://772695eeec44]
 
INFO [02-23|17:54:45] WebSocket endpoint opened: ws://0.0.0.0:8546 
TRACE[02-23|17:54:45] P2P networking is spinning down 
DEBUG[02-23|17:54:45] Read error                               err="accept tcp [::]:30303: use of closed network connection"
DEBUG[02-23|17:54:47] Couldn't add port mapping                proto=tcp extport=30303 intport=30303 interface="UPnP or NAT-PMP" err="no UPnP or NAT-PMP router discovered"
DEBUG[02-23|17:54:47] Deleting port mapping                    proto=tcp extport=30303 intport=30303 interface="UPnP or NAT-PMP"
INFO [02-23|17:54:47] Starting ABCIServer                      module=abci-server impl=ABCIServer
INFO [02-23|17:54:47] Waiting for new connection...            module=abci-server
INFO [02-23|17:54:48] Accepted a new connection                module=abci-server
INFO [02-23|17:54:48] Waiting for new connection...            module=abci-server
INFO [02-23|17:54:48] Accepted a new connection                module=abci-server
INFO [02-23|17:54:48] Waiting for new connection...            module=abci-server
INFO [02-23|17:54:48] Accepted a new connection                module=abci-server
INFO [02-23|17:54:48] Waiting for tendermint endpoint to start err="Post http://172.57.100.102:46657/status: dial tcp 172.57.100.102:46657: getsockopt: connection refused"
INFO [02-23|17:54:48] Waiting for new connection...            module=abci-server
DEBUG[02-23|17:54:48] Info                                     module=ethermint   height=0
DEBUG[02-23|17:54:48] InitChain                                module=ethermint
DEBUG[02-23|17:54:59] BeginBlock                               module=ethermint
DEBUG[02-23|17:54:59] EndBlock                                 module=ethermint   height=1
DEBUG[02-23|17:54:59] Commit                                   module=ethermint
DEBUG[02-23|17:54:59] Trie cache stats after commit            misses=5 unloads=0
DEBUG[02-23|17:54:59] Trie cache stats after commit            misses=6 unloads=0
DEBUG[02-23|17:54:59] Inserted new block                       number=1 hash=64f973…01a47f uncles=0 txs=0 gas=0 elapsed=1.162ms
INFO [02-23|17:54:59] Imported new chain segment               blocks=1 txs=0 mgas=0.000 elapsed=1.472ms   mgasps=0.000 number=1 hash=64f973…01a47f
DEBUG[02-23|17:55:03] BeginBlock                               module=ethermint
DEBUG[02-23|17:55:03] EndBlock                                 module=ethermint   height=2
DEBUG[02-23|17:55:03] Commit                                   module=ethermint
DEBUG[02-23|17:55:03] Trie cache stats after commit            misses=6 unloads=0
DEBUG[02-23|17:55:03] Trie cache stats after commit            misses=6 unloads=0
DEBUG[02-23|17:55:03] Inserted new block                       number=2 hash=c0fa38…e1c6e2 uncles=0 txs=0 gas=0 elapsed=723.866µs
INFO [02-23|17:55:03] Imported new chain segment               blocks=1 txs=0 mgas=0.000 elapsed=874.883µs mgasps=0.000 number=2 hash=c0fa38…e1c6e2
DEBUG[02-23|17:55:05] Recalculated downloader QoS values       rtt=20s confidence=1.000 ttl=1m0s
DEBUG[02-23|17:55:07] BeginBlock                               module=ethermint
DEBUG[02-23|17:55:07] EndBlock                                 module=ethermint   height=3
DEBUG[02-23|17:55:07] Commit                                   module=ethermint
DEBUG[02-23|17:55:07] Trie cache stats after commit            misses=6 unloads=0
DEBUG[02-23|17:55:07] Trie cache stats after commit            misses=6 unloads=0
DEBUG[02-23|17:55:07] Inserted new block                       number=3 hash=6a4929…f7dccf uncles=0 txs=0 gas=0 elapsed=1.231ms
INFO [02-23|17:55:07] Imported new chain segment               blocks=1 txs=0 mgas=0.000 elapsed=1.455ms   mgasps=0.000 number=3 hash=6a4929…f7dccf
DEBUG[02-23|17:55:19] BeginBlock                               module=ethermint
DEBUG[02-23|17:55:19] EndBlock                                 module=ethermint   height=4
DEBUG[02-23|17:55:20] Commit                                   module=ethermint
DEBUG[02-23|17:55:20] Trie cache stats after commit            misses=6 unloads=0
DEBUG[02-23|17:55:20] Trie cache stats after commit            misses=6 unloads=0
DEBUG[02-23|17:55:20] Inserted new block                       number=4 hash=e00d83…fe70bd uncles=0 txs=0 gas=0 elapsed=1.187ms
INFO [02-23|17:55:20] Imported new chain segment               blocks=1 txs=0 mgas=0.000 elapsed=1.419ms   mgasps=0.000 number=4 hash=e00d83…fe70bd
DEBUG[02-23|17:55:25] Recalculated downloader QoS values       rtt=20s confidence=1.000 ttl=1m0s
DEBUG[02-23|17:55:28] BeginBlock                               module=ethermint
DEBUG[02-23|17:55:28] EndBlock                                 module=ethermint   height=5
DEBUG[02-23|17:55:28] Commit                                   module=ethermint
DEBUG[02-23|17:55:28] Trie cache stats after commit            misses=6 unloads=0
DEBUG[02-23|17:55:28] Trie cache stats after commit            misses=6 unloads=0
DEBUG[02-23|17:55:28] Inserted new block                       number=5 hash=481849…89dcc7 uncles=0 txs=0 gas=0 elapsed=1.301ms
INFO [02-23|17:55:28] Imported new chain segment               blocks=1 txs=0 mgas=0.000 elapsed=1.546ms   mgasps=0.000 number=5 hash=481849…89dcc7
DEBUG[02-23|17:55:32] BeginBlock                               module=ethermint
DEBUG[02-23|17:55:32] EndBlock                                 module=ethermint   height=6
DEBUG[02-23|17:55:32] Commit                                   module=ethermint
DEBUG[02-23|17:55:32] Trie cache stats after commit            misses=6 unloads=0
DEBUG[02-23|17:55:32] Trie cache stats after commit            misses=6 unloads=0
DEBUG[02-23|17:55:32] Inserted new block                       number=6 hash=86b4c5…0caef4 uncles=0 txs=0 gas=0 elapsed=1.420ms
INFO [02-23|17:55:32] Imported new chain segment               blocks=1 txs=0 mgas=0.000 elapsed=1.700ms   mgasps=0.000 number=6 hash=86b4c5…0caef4
DEBUG[02-23|17:55:35] BeginBlock                               module=ethermint
DEBUG[02-23|17:55:35] EndBlock                                 module=ethermint   height=7
DEBUG[02-23|17:55:35] Commit                                   module=ethermint
DEBUG[02-23|17:55:35] Trie cache stats after commit            misses=6 unloads=0
DEBUG[02-23|17:55:35] Trie cache stats after commit            misses=6 unloads=0
DEBUG[02-23|17:55:35] Inserted new block                       number=7 hash=ba76b9…c319f6 uncles=0 txs=0 gas=0 elapsed=1.059ms
INFO [02-23|17:55:35] Imported new chain segment               blocks=1 txs=0 mgas=0.000 elapsed=1.325ms   mgasps=0.000 number=7 hash=ba76b9…c319f6
DEBUG[02-23|17:55:45] Recalculated downloader QoS values       rtt=20s confidence=1.000 ttl=1m0s
DEBUG[02-23|17:55:48] BeginBlock                               module=ethermint
DEBUG[02-23|17:55:48] EndBlock                                 module=ethermint   height=8
DEBUG[02-23|17:55:49] Commit                                   module=ethermint
DEBUG[02-23|17:55:49] Trie cache stats after commit            misses=6 unloads=0
DEBUG[02-23|17:55:49] Trie cache stats after commit            misses=6 unloads=0
DEBUG[02-23|17:55:49] Inserted new block                       number=8 hash=9ffae3…35d9e6 uncles=0 txs=0 gas=0 elapsed=1.067ms
INFO [02-23|17:55:49] Imported new chain segment               blocks=1 txs=0 mgas=0.000 elapsed=1.384ms   mgasps=0.000 number=8 hash=9ffae3…35d9e6
DEBUG[02-23|17:55:57] BeginBlock                               module=ethermint
DEBUG[02-23|17:55:57] EndBlock                                 module=ethermint   height=9
DEBUG[02-23|17:55:57] Commit                                   module=ethermint
DEBUG[02-23|17:55:57] Trie cache stats after commit            misses=6 unloads=0
DEBUG[02-23|17:55:57] Trie cache stats after commit            misses=6 unloads=0
DEBUG[02-23|17:55:57] Inserted new block                       number=9 hash=ede1c2…30dceb uncles=0 txs=0 gas=0 elapsed=1.249ms
INFO [02-23|17:55:57] Imported new chain segment               blocks=1 txs=0 mgas=0.000 elapsed=1.518ms   mgasps=0.000 number=9 hash=ede1c2…30dceb
DEBUG[02-23|17:56:00] BeginBlock                               module=ethermint
DEBUG[02-23|17:56:00] EndBlock                                 module=ethermint   height=10
DEBUG[02-23|17:56:01] Commit                                   module=ethermint
DEBUG[02-23|17:56:01] Trie cache stats after commit            misses=6 unloads=0
DEBUG[02-23|17:56:01] Trie cache stats after commit            misses=6 unloads=0
DEBUG[02-23|17:56:01] Inserted new block                       number=10 hash=d93ab1…913b4a uncles=0 txs=0 gas=0 elapsed=1.050ms
INFO [02-23|17:56:01] Imported new chain segment               blocks=1 txs=0 mgas=0.000 elapsed=1.293ms   mgasps=0.000 number=10 hash=d93ab1…913b4a
